#
# There is insufficient memory for the Java Runtime Environment to continue.
# Native memory allocation (mmap) failed to map 65536 bytes for Failed to commit metaspace.
# Possible reasons:
#   The system is out of physical RAM or swap space
#   The process is running with CompressedOops enabled, and the Java Heap may be blocking the growth of the native heap
# Possible solutions:
#   Reduce memory load on the system
#   Increase physical memory or swap space
#   Check if swap backing store is full
#   Decrease Java heap size (-Xmx/-Xms)
#   Decrease number of Java threads
#   Decrease Java thread stack sizes (-Xss)
#   Set larger code cache with -XX:ReservedCodeCacheSize=
#   JVM is running with Unscaled Compressed Oops mode in which the Java heap is
#     placed in the first 4GB address space. The Java Heap base address is the
#     maximum limit for the native heap growth. Please use -XX:HeapBaseMinAddress
#     to set the Java Heap base and to place the Java Heap above 4GB virtual address.
# This output file may be truncated or incomplete.
#
#  Out of Memory Error (virtualSpaceNode.cpp:112), pid=12480, tid=7552
#
# JRE version: Java(TM) SE Runtime Environment (21.0.6+8) (build 21.0.6+8-LTS-188)
# Java VM: Java HotSpot(TM) 64-Bit Server VM (21.0.6+8-LTS-188, mixed mode, emulated-client, sharing, tiered, compressed oops, compressed class ptrs, g1 gc, windows-amd64)
# No core dump will be written. Minidumps are not enabled by default on client versions of Windows
#

---------------  S U M M A R Y ------------

Command Line: -XX:TieredStopAtLevel=1 -Dspring.output.ansi.enabled=always -Dcom.sun.management.jmxremote -Dspring.jmx.enabled=true -Dspring.liveBeansView.mbeanDomain -Dspring.application.admin.enabled=true -Dmanagement.endpoints.jmx.exposure.include=* -javaagent:D:\IntelliJ IDEA 2025.1.2\lib\idea_rt.jar=52516 -Dfile.encoding=UTF-8 -Dsun.stdout.encoding=UTF-8 -Dsun.stderr.encoding=UTF-8 com.example.result_metadata_service.ResultMetadataServiceApplication

Host: Intel(R) Core(TM) i5-6300U CPU @ 2.40GHz, 4 cores, 7G,  Windows 10 , 64 bit Build 19041 (10.0.19041.5915)
Time: Sun Jul 13 23:53:22 2025 India Standard Time elapsed time: 4.606298 seconds (0d 0h 0m 4s)

---------------  T H R E A D  ---------------

Current thread (0x00000188ef7064f0):  JavaThread "background-preinit"        [_thread_in_vm, id=7552, stack(0x00000022b6e00000,0x00000022b6f00000) (1024K)]

Stack: [0x00000022b6e00000,0x00000022b6f00000]
Native frames: (J=compiled Java code, j=interpreted, Vv=VM code, C=native code)
V  [jvm.dll+0x6ca6d9]
V  [jvm.dll+0x854f51]
V  [jvm.dll+0x85747e]
V  [jvm.dll+0x857b53]
V  [jvm.dll+0x27dcc6]
V  [jvm.dll+0x850b6e]
V  [jvm.dll+0x66e3e5]
V  [jvm.dll+0x1e3f1c]
V  [jvm.dll+0x1e3cee]
V  [jvm.dll+0x670d13]
V  [jvm.dll+0x670b32]
V  [jvm.dll+0x66edbe]
V  [jvm.dll+0x27ab46]
V  [jvm.dll+0x720015]
V  [jvm.dll+0x720b5f]
V  [jvm.dll+0x3c2068]
V  [jvm.dll+0x3c1146]
V  [jvm.dll+0x3c10e8]
V  [jvm.dll+0x5d2835]
V  [jvm.dll+0x5d28e3]
V  [jvm.dll+0x3d64b2]
V  [jvm.dll+0x3d5f50]
C  0x00000188e207689c

The last pc belongs to getstatic (printed below).
Java frames: (J=compiled Java code, j=interpreted, Vv=VM code)
j  com.fasterxml.jackson.datatype.jsr310.JavaTimeModule.setupModule(Lcom/fasterxml/jackson/databind/Module$SetupContext;)V+251
j  com.fasterxml.jackson.databind.ObjectMapper.registerModule(Lcom/fasterxml/jackson/databind/Module;)Lcom/fasterxml/jackson/databind/ObjectMapper;+152
j  com.fasterxml.jackson.databind.ObjectMapper.registerModules(Ljava/lang/Iterable;)Lcom/fasterxml/jackson/databind/ObjectMapper;+35
j  org.springframework.http.converter.json.Jackson2ObjectMapperBuilder.configure(Lcom/fasterxml/jackson/databind/ObjectMapper;)V+187
j  org.springframework.http.converter.json.Jackson2ObjectMapperBuilder.build()Lcom/fasterxml/jackson/databind/ObjectMapper;+87
j  org.springframework.http.converter.json.MappingJackson2HttpMessageConverter.<init>()V+4
j  org.springframework.http.converter.support.AllEncompassingFormHttpMessageConverter.<init>()V+55
j  org.springframework.boot.autoconfigure.BackgroundPreinitializer$MessageConverterInitializer.run()V+4
j  org.springframework.boot.autoconfigure.BackgroundPreinitializer$1.runSafely(Ljava/lang/Runnable;)Z+1
j  org.springframework.boot.autoconfigure.BackgroundPreinitializer$1.run()V+32
j  java.lang.Thread.runWith(Ljava/lang/Object;Ljava/lang/Runnable;)V+5 java.base@21.0.6
j  java.lang.Thread.run()V+19 java.base@21.0.6
v  ~StubRoutines::call_stub 0x00000188e206100d
getstatic  178 getstatic  [0x00000188e2076800, 0x00000188e20769f8]  504 bytes
[MachCode]
  0x00000188e2076800: 4883 ec08 | c5fa 1104 | 24eb 1f48 | 83ec 10c5 | fb11 0424 | eb14 4883 | ec10 4889 | 0424 48c7 
  0x00000188e2076820: 4424 0800 | 0000 00eb | 0150 410f | b755 0148 | 8b4d d0c1 | e202 8b5c | d138 c1eb | 1081 e3ff 
  0x00000188e2076840: 0000 0081 | fbb2 0000 | 000f 84b4 | 0000 00bb | b200 0000 | e805 0000 | 00e9 9900 | 0000 488b 
  0x00000188e2076860: d348 8d44 | 2408 4c89 | 6dc0 498b | cfc5 f877 | 4989 afa8 | 0300 0049 | 8987 9803 | 0000 4883 
  0x00000188e2076880: ec20 40f6 | c40f 0f84 | 1900 0000 | 4883 ec08 | 48b8 f05e | f2d3 f87f | 0000 ffd0 | 4883 c408 
  0x00000188e20768a0: e90c 0000 | 0048 b8f0 | 5ef2 d3f8 | 7f00 00ff | d048 83c4 | 2049 c787 | 9803 0000 | 0000 0000 
  0x00000188e20768c0: 49c7 87a8 | 0300 0000 | 0000 0049 | c787 a003 | 0000 0000 | 0000 c5f8 | 7749 837f | 0800 0f84 
  0x00000188e20768e0: 0500 0000 | e917 a6fe | ff4c 8b6d | c04c 8b75 | c84e 8d74 | f500 c341 | 0fb7 5501 | 488b 4dd0 
  0x00000188e2076900: c1e2 0248 | 8b5c d148 | 8b44 d150 | 4c8b 4cd1 | 404d 8b49 | 704d 8b09 | c1e8 1c83 | e00f 0f85 
  0x00000188e2076920: 0b00 0000 | 410f be04 | 1950 e9b1 | 0000 0083 | f801 0f85 | 0b00 0000 | 410f b604 | 1950 e99d 
  0x00000188e2076940: 0000 0083 | f808 0f85 | 0a00 0000 | 418b 0419 | 50e9 8a00 | 0000 83f8 | 040f 850a | 0000 0041 
  0x00000188e2076960: 8b04 1950 | e977 0000 | 0083 f802 | 0f85 0b00 | 0000 410f | b704 1950 | e963 0000 | 0083 f803 
  0x00000188e2076980: 0f85 0b00 | 0000 410f | bf04 1950 | e94f 0000 | 0083 f805 | 0f85 1a00 | 0000 498b | 0419 4883 
  0x00000188e20769a0: ec10 4889 | 0424 48c7 | 4424 0800 | 0000 00e9 | 2c00 0000 | 83f8 060f | 8514 0000 | 00c4 c17a 
  0x00000188e20769c0: 1004 1948 | 83ec 08c5 | fa11 0424 | e90f 0000 | 00c4 c17b | 1004 1948 | 83ec 10c5 | fb11 0424 
  0x00000188e20769e0: 410f b65d | 0349 83c5 | 0349 ba10 | 247a d4f8 | 7f00 0041 | ff24 da90 
[/MachCode]

---------------  P R O C E S S  ---------------

Threads class SMR info:
_java_thread_list=0x00000188f0234bc0, length=21, elements={
0x00000188d81e7dd0, 0x00000188ea268280, 0x00000188ea269190, 0x00000188ea26cd60,
0x00000188ea26da30, 0x00000188ea26e480, 0x00000188ea26eed0, 0x00000188ea272e20,
0x00000188ea239c70, 0x00000188ea412050, 0x00000188ea750e60, 0x00000188ea74d740,
0x00000188ea77d5d0, 0x00000188ef0eee90, 0x00000188ef14b160, 0x00000188ef14b7c0,
0x00000188ef1808f0, 0x00000188ef1a1c60, 0x00000188ef709970, 0x00000188ef707f30,
0x00000188ef7064f0
}

Java Threads: ( => current thread )
  0x00000188d81e7dd0 JavaThread "main"                              [_thread_blocked, id=6660, stack(0x00000022b5000000,0x00000022b5100000) (1024K)]
  0x00000188ea268280 JavaThread "Reference Handler"          daemon [_thread_blocked, id=1092, stack(0x00000022b5800000,0x00000022b5900000) (1024K)]
  0x00000188ea269190 JavaThread "Finalizer"                  daemon [_thread_blocked, id=18712, stack(0x00000022b5900000,0x00000022b5a00000) (1024K)]
  0x00000188ea26cd60 JavaThread "Signal Dispatcher"          daemon [_thread_blocked, id=10456, stack(0x00000022b5a00000,0x00000022b5b00000) (1024K)]
  0x00000188ea26da30 JavaThread "Attach Listener"            daemon [_thread_blocked, id=14508, stack(0x00000022b5b00000,0x00000022b5c00000) (1024K)]
  0x00000188ea26e480 JavaThread "Service Thread"             daemon [_thread_blocked, id=2724, stack(0x00000022b5c00000,0x00000022b5d00000) (1024K)]
  0x00000188ea26eed0 JavaThread "Monitor Deflation Thread"   daemon [_thread_blocked, id=18776, stack(0x00000022b5d00000,0x00000022b5e00000) (1024K)]
  0x00000188ea272e20 JavaThread "C1 CompilerThread0"         daemon [_thread_blocked, id=10364, stack(0x00000022b5e00000,0x00000022b5f00000) (1024K)]
  0x00000188ea239c70 JavaThread "Common-Cleaner"             daemon [_thread_blocked, id=16432, stack(0x00000022b5f00000,0x00000022b6000000) (1024K)]
  0x00000188ea412050 JavaThread "C1 CompilerThread1"         daemon [_thread_blocked, id=13440, stack(0x00000022b6000000,0x00000022b6100000) (1024K)]
  0x00000188ea750e60 JavaThread "Monitor Ctrl-Break"         daemon [_thread_in_native, id=6940, stack(0x00000022b6100000,0x00000022b6200000) (1024K)]
  0x00000188ea74d740 JavaThread "Notification Thread"        daemon [_thread_blocked, id=17796, stack(0x00000022b6200000,0x00000022b6300000) (1024K)]
  0x00000188ea77d5d0 JavaThread "C1 CompilerThread2"         daemon [_thread_blocked, id=4956, stack(0x00000022b6300000,0x00000022b6400000) (1024K)]
  0x00000188ef0eee90 JavaThread "RMI TCP Accept-0"           daemon [_thread_in_native, id=19676, stack(0x00000022b6400000,0x00000022b6500000) (1024K)]
  0x00000188ef14b160 JavaThread "RMI TCP Connection(1)-192.168.137.1" daemon [_thread_in_native, id=20952, stack(0x00000022b6800000,0x00000022b6900000) (1024K)]
  0x00000188ef14b7c0 JavaThread "RMI TCP Connection(idle)"   daemon [_thread_blocked, id=4888, stack(0x00000022b6900000,0x00000022b6a00000) (1024K)]
  0x00000188ef1808f0 JavaThread "RMI Scheduler(0)"           daemon [_thread_blocked, id=6712, stack(0x00000022b6a00000,0x00000022b6b00000) (1024K)]
  0x00000188ef1a1c60 JavaThread "JMX server connection timeout 30" daemon [_thread_blocked, id=15960, stack(0x00000022b6b00000,0x00000022b6c00000) (1024K)]
  0x00000188ef709970 JavaThread "Thread-0"                          [_thread_blocked, id=16904, stack(0x00000022b6c00000,0x00000022b6d00000) (1024K)]
  0x00000188ef707f30 JavaThread "restartedMain"                     [_thread_in_vm, id=19336, stack(0x00000022b6d00000,0x00000022b6e00000) (1024K)]
=>0x00000188ef7064f0 JavaThread "background-preinit"                [_thread_in_vm, id=7552, stack(0x00000022b6e00000,0x00000022b6f00000) (1024K)]
Total: 21

Other Threads:
  0x00000188d83ab950 VMThread "VM Thread"                           [id=13580, stack(0x00000022b5700000,0x00000022b5800000) (1024K)]
  0x00000188ea237800 WatcherThread "VM Periodic Task Thread"        [id=21244, stack(0x00000022b5600000,0x00000022b5700000) (1024K)]
  0x00000188d8409700 WorkerThread "GC Thread#0"                     [id=11628, stack(0x00000022b5100000,0x00000022b5200000) (1024K)]
  0x00000188d83abcf0 WorkerThread "GC Thread#1"                     [id=1216, stack(0x00000022b6500000,0x00000022b6600000) (1024K)]
  0x00000188d83ab210 WorkerThread "GC Thread#2"                     [id=9704, stack(0x00000022b6600000,0x00000022b6700000) (1024K)]
  0x00000188d83ab5b0 WorkerThread "GC Thread#3"                     [id=1536, stack(0x00000022b6700000,0x00000022b6800000) (1024K)]
  0x00000188d841b7f0 ConcurrentGCThread "G1 Main Marker"            [id=18412, stack(0x00000022b5200000,0x00000022b5300000) (1024K)]
  0x00000188d83aae70 WorkerThread "G1 Conc#0"                       [id=4636, stack(0x00000022b5300000,0x00000022b5400000) (1024K)]
  0x00000188d847e960 ConcurrentGCThread "G1 Refine#0"               [id=7692, stack(0x00000022b5400000,0x00000022b5500000) (1024K)]
  0x00000188ea0f8640 ConcurrentGCThread "G1 Service"                [id=15052, stack(0x00000022b5500000,0x00000022b5600000) (1024K)]
Total: 10

Threads with active compile tasks:
Total: 0

VM state: not at safepoint (normal execution)

VM Mutex/Monitor currently owned by a thread:  ([mutex/lock_event])
[0x00007ff8d478be18] Metaspace_lock - owner thread: 0x00000188ef7064f0

OutOfMemory and StackOverflow Exception counts:
OutOfMemoryError java_heap_errors=1
LinkageErrors=80

Heap address: 0x0000000081e00000, size: 2018 MB, Compressed Oops mode: 32-bit

CDS archive(s) mapped at: [0x0000018880000000-0x0000018880c90000-0x0000018880c90000), size 13172736, SharedBaseAddress: 0x0000018880000000, ArchiveRelocationMode: 1.
Compressed class space mapped at: 0x0000018881000000-0x00000188c1000000, reserved size: 1073741824
Narrow klass base: 0x0000018880000000, Narrow klass shift: 0, Narrow klass range: 0x100000000

GC Precious Log:
 CardTable entry size: 512
 Card Set container configuration: InlinePtr #cards 5 size 8 Array Of Cards #cards 12 size 40 Howl #buckets 4 coarsen threshold 1843 Howl Bitmap #cards 512 size 80 coarsen threshold 460 Card regions per heap region 1 cards per card region 2048
 CPUs: 4 total, 4 available
 Memory: 8071M
 Large Page Support: Disabled
 NUMA Support: Disabled
 Compressed Oops: Enabled (32-bit)
 Heap Region Size: 1M
 Heap Min Capacity: 8M
 Heap Initial Capacity: 128M
 Heap Max Capacity: 2018M
 Pre-touch: Disabled
 Parallel Workers: 4
 Concurrent Workers: 1
 Concurrent Refinement Workers: 4
 Periodic GC: Disabled

Heap:
 garbage-first heap   total 131072K, used 49041K [0x0000000081e00000, 0x0000000100000000)
  region size 1024K, 46 young (47104K), 2 survivors (2048K)
 Metaspace       used 18856K, committed 19264K, reserved 1114112K
  class space    used 2508K, committed 2688K, reserved 1048576K

Heap Regions: E=young(eden), S=young(survivor), O=old, HS=humongous(starts), HC=humongous(continues), CS=collection set, F=free, TAMS=top-at-mark-start, PB=parsable bottom
|   0|0x0000000081e00000, 0x0000000081f00000, 0x0000000081f00000|100%| O|  |TAMS 0x0000000081e00000| PB 0x0000000081e00000| Untracked 
|   1|0x0000000081f00000, 0x0000000082000000, 0x0000000082000000|100%| O|  |TAMS 0x0000000081f00000| PB 0x0000000081f00000| Untracked 
|   2|0x0000000082000000, 0x0000000082100000, 0x0000000082100000|100%| O|  |TAMS 0x0000000082000000| PB 0x0000000082000000| Untracked 
|   3|0x0000000082100000, 0x0000000082200000, 0x0000000082200000|100%| O|  |TAMS 0x0000000082100000| PB 0x0000000082100000| Untracked 
|   4|0x0000000082200000, 0x00000000822beb30, 0x0000000082300000| 74%| O|  |TAMS 0x0000000082200000| PB 0x0000000082200000| Untracked 
|   5|0x0000000082300000, 0x0000000082300000, 0x0000000082400000|  0%| F|  |TAMS 0x0000000082300000| PB 0x0000000082300000| Untracked 
|   6|0x0000000082400000, 0x0000000082400000, 0x0000000082500000|  0%| F|  |TAMS 0x0000000082400000| PB 0x0000000082400000| Untracked 
|   7|0x0000000082500000, 0x0000000082500000, 0x0000000082600000|  0%| F|  |TAMS 0x0000000082500000| PB 0x0000000082500000| Untracked 
|   8|0x0000000082600000, 0x0000000082600000, 0x0000000082700000|  0%| F|  |TAMS 0x0000000082600000| PB 0x0000000082600000| Untracked 
|   9|0x0000000082700000, 0x0000000082700000, 0x0000000082800000|  0%| F|  |TAMS 0x0000000082700000| PB 0x0000000082700000| Untracked 
|  10|0x0000000082800000, 0x0000000082800000, 0x0000000082900000|  0%| F|  |TAMS 0x0000000082800000| PB 0x0000000082800000| Untracked 
|  11|0x0000000082900000, 0x0000000082900000, 0x0000000082a00000|  0%| F|  |TAMS 0x0000000082900000| PB 0x0000000082900000| Untracked 
|  12|0x0000000082a00000, 0x0000000082a00000, 0x0000000082b00000|  0%| F|  |TAMS 0x0000000082a00000| PB 0x0000000082a00000| Untracked 
|  13|0x0000000082b00000, 0x0000000082b00000, 0x0000000082c00000|  0%| F|  |TAMS 0x0000000082b00000| PB 0x0000000082b00000| Untracked 
|  14|0x0000000082c00000, 0x0000000082c00000, 0x0000000082d00000|  0%| F|  |TAMS 0x0000000082c00000| PB 0x0000000082c00000| Untracked 
|  15|0x0000000082d00000, 0x0000000082d00000, 0x0000000082e00000|  0%| F|  |TAMS 0x0000000082d00000| PB 0x0000000082d00000| Untracked 
|  16|0x0000000082e00000, 0x0000000082e00000, 0x0000000082f00000|  0%| F|  |TAMS 0x0000000082e00000| PB 0x0000000082e00000| Untracked 
|  17|0x0000000082f00000, 0x0000000082f00000, 0x0000000083000000|  0%| F|  |TAMS 0x0000000082f00000| PB 0x0000000082f00000| Untracked 
|  18|0x0000000083000000, 0x0000000083000000, 0x0000000083100000|  0%| F|  |TAMS 0x0000000083000000| PB 0x0000000083000000| Untracked 
|  19|0x0000000083100000, 0x0000000083100000, 0x0000000083200000|  0%| F|  |TAMS 0x0000000083100000| PB 0x0000000083100000| Untracked 
|  20|0x0000000083200000, 0x0000000083200000, 0x0000000083300000|  0%| F|  |TAMS 0x0000000083200000| PB 0x0000000083200000| Untracked 
|  21|0x0000000083300000, 0x0000000083300000, 0x0000000083400000|  0%| F|  |TAMS 0x0000000083300000| PB 0x0000000083300000| Untracked 
|  22|0x0000000083400000, 0x0000000083400000, 0x0000000083500000|  0%| F|  |TAMS 0x0000000083400000| PB 0x0000000083400000| Untracked 
|  23|0x0000000083500000, 0x0000000083500000, 0x0000000083600000|  0%| F|  |TAMS 0x0000000083500000| PB 0x0000000083500000| Untracked 
|  24|0x0000000083600000, 0x0000000083600000, 0x0000000083700000|  0%| F|  |TAMS 0x0000000083600000| PB 0x0000000083600000| Untracked 
|  25|0x0000000083700000, 0x0000000083700000, 0x0000000083800000|  0%| F|  |TAMS 0x0000000083700000| PB 0x0000000083700000| Untracked 
|  26|0x0000000083800000, 0x0000000083800000, 0x0000000083900000|  0%| F|  |TAMS 0x0000000083800000| PB 0x0000000083800000| Untracked 
|  27|0x0000000083900000, 0x0000000083900000, 0x0000000083a00000|  0%| F|  |TAMS 0x0000000083900000| PB 0x0000000083900000| Untracked 
|  28|0x0000000083a00000, 0x0000000083a00000, 0x0000000083b00000|  0%| F|  |TAMS 0x0000000083a00000| PB 0x0000000083a00000| Untracked 
|  29|0x0000000083b00000, 0x0000000083b00000, 0x0000000083c00000|  0%| F|  |TAMS 0x0000000083b00000| PB 0x0000000083b00000| Untracked 
|  30|0x0000000083c00000, 0x0000000083c00000, 0x0000000083d00000|  0%| F|  |TAMS 0x0000000083c00000| PB 0x0000000083c00000| Untracked 
|  31|0x0000000083d00000, 0x0000000083d00000, 0x0000000083e00000|  0%| F|  |TAMS 0x0000000083d00000| PB 0x0000000083d00000| Untracked 
|  32|0x0000000083e00000, 0x0000000083e00000, 0x0000000083f00000|  0%| F|  |TAMS 0x0000000083e00000| PB 0x0000000083e00000| Untracked 
|  33|0x0000000083f00000, 0x0000000083f00000, 0x0000000084000000|  0%| F|  |TAMS 0x0000000083f00000| PB 0x0000000083f00000| Untracked 
|  34|0x0000000084000000, 0x0000000084000000, 0x0000000084100000|  0%| F|  |TAMS 0x0000000084000000| PB 0x0000000084000000| Untracked 
|  35|0x0000000084100000, 0x0000000084100000, 0x0000000084200000|  0%| F|  |TAMS 0x0000000084100000| PB 0x0000000084100000| Untracked 
|  36|0x0000000084200000, 0x0000000084200000, 0x0000000084300000|  0%| F|  |TAMS 0x0000000084200000| PB 0x0000000084200000| Untracked 
|  37|0x0000000084300000, 0x0000000084300000, 0x0000000084400000|  0%| F|  |TAMS 0x0000000084300000| PB 0x0000000084300000| Untracked 
|  38|0x0000000084400000, 0x0000000084400000, 0x0000000084500000|  0%| F|  |TAMS 0x0000000084400000| PB 0x0000000084400000| Untracked 
|  39|0x0000000084500000, 0x0000000084500000, 0x0000000084600000|  0%| F|  |TAMS 0x0000000084500000| PB 0x0000000084500000| Untracked 
|  40|0x0000000084600000, 0x0000000084600000, 0x0000000084700000|  0%| F|  |TAMS 0x0000000084600000| PB 0x0000000084600000| Untracked 
|  41|0x0000000084700000, 0x0000000084700000, 0x0000000084800000|  0%| F|  |TAMS 0x0000000084700000| PB 0x0000000084700000| Untracked 
|  42|0x0000000084800000, 0x0000000084800000, 0x0000000084900000|  0%| F|  |TAMS 0x0000000084800000| PB 0x0000000084800000| Untracked 
|  43|0x0000000084900000, 0x0000000084900000, 0x0000000084a00000|  0%| F|  |TAMS 0x0000000084900000| PB 0x0000000084900000| Untracked 
|  44|0x0000000084a00000, 0x0000000084a00000, 0x0000000084b00000|  0%| F|  |TAMS 0x0000000084a00000| PB 0x0000000084a00000| Untracked 
|  45|0x0000000084b00000, 0x0000000084b00000, 0x0000000084c00000|  0%| F|  |TAMS 0x0000000084b00000| PB 0x0000000084b00000| Untracked 
|  46|0x0000000084c00000, 0x0000000084c00000, 0x0000000084d00000|  0%| F|  |TAMS 0x0000000084c00000| PB 0x0000000084c00000| Untracked 
|  47|0x0000000084d00000, 0x0000000084d00000, 0x0000000084e00000|  0%| F|  |TAMS 0x0000000084d00000| PB 0x0000000084d00000| Untracked 
|  48|0x0000000084e00000, 0x0000000084e00000, 0x0000000084f00000|  0%| F|  |TAMS 0x0000000084e00000| PB 0x0000000084e00000| Untracked 
|  49|0x0000000084f00000, 0x0000000084f00000, 0x0000000085000000|  0%| F|  |TAMS 0x0000000084f00000| PB 0x0000000084f00000| Untracked 
|  50|0x0000000085000000, 0x0000000085000000, 0x0000000085100000|  0%| F|  |TAMS 0x0000000085000000| PB 0x0000000085000000| Untracked 
|  51|0x0000000085100000, 0x0000000085100000, 0x0000000085200000|  0%| F|  |TAMS 0x0000000085100000| PB 0x0000000085100000| Untracked 
|  52|0x0000000085200000, 0x0000000085200000, 0x0000000085300000|  0%| F|  |TAMS 0x0000000085200000| PB 0x0000000085200000| Untracked 
|  53|0x0000000085300000, 0x0000000085300000, 0x0000000085400000|  0%| F|  |TAMS 0x0000000085300000| PB 0x0000000085300000| Untracked 
|  54|0x0000000085400000, 0x0000000085400000, 0x0000000085500000|  0%| F|  |TAMS 0x0000000085400000| PB 0x0000000085400000| Untracked 
|  55|0x0000000085500000, 0x0000000085500000, 0x0000000085600000|  0%| F|  |TAMS 0x0000000085500000| PB 0x0000000085500000| Untracked 
|  56|0x0000000085600000, 0x0000000085600000, 0x0000000085700000|  0%| F|  |TAMS 0x0000000085600000| PB 0x0000000085600000| Untracked 
|  57|0x0000000085700000, 0x0000000085700000, 0x0000000085800000|  0%| F|  |TAMS 0x0000000085700000| PB 0x0000000085700000| Untracked 
|  58|0x0000000085800000, 0x0000000085800000, 0x0000000085900000|  0%| F|  |TAMS 0x0000000085800000| PB 0x0000000085800000| Untracked 
|  59|0x0000000085900000, 0x0000000085900000, 0x0000000085a00000|  0%| F|  |TAMS 0x0000000085900000| PB 0x0000000085900000| Untracked 
|  60|0x0000000085a00000, 0x0000000085a00000, 0x0000000085b00000|  0%| F|  |TAMS 0x0000000085a00000| PB 0x0000000085a00000| Untracked 
|  61|0x0000000085b00000, 0x0000000085b00000, 0x0000000085c00000|  0%| F|  |TAMS 0x0000000085b00000| PB 0x0000000085b00000| Untracked 
|  62|0x0000000085c00000, 0x0000000085c00000, 0x0000000085d00000|  0%| F|  |TAMS 0x0000000085c00000| PB 0x0000000085c00000| Untracked 
|  63|0x0000000085d00000, 0x0000000085d00000, 0x0000000085e00000|  0%| F|  |TAMS 0x0000000085d00000| PB 0x0000000085d00000| Untracked 
|  64|0x0000000085e00000, 0x0000000085e00000, 0x0000000085f00000|  0%| F|  |TAMS 0x0000000085e00000| PB 0x0000000085e00000| Untracked 
|  65|0x0000000085f00000, 0x0000000085f00000, 0x0000000086000000|  0%| F|  |TAMS 0x0000000085f00000| PB 0x0000000085f00000| Untracked 
|  66|0x0000000086000000, 0x0000000086000000, 0x0000000086100000|  0%| F|  |TAMS 0x0000000086000000| PB 0x0000000086000000| Untracked 
|  67|0x0000000086100000, 0x0000000086100000, 0x0000000086200000|  0%| F|  |TAMS 0x0000000086100000| PB 0x0000000086100000| Untracked 
|  68|0x0000000086200000, 0x0000000086200000, 0x0000000086300000|  0%| F|  |TAMS 0x0000000086200000| PB 0x0000000086200000| Untracked 
|  69|0x0000000086300000, 0x0000000086300000, 0x0000000086400000|  0%| F|  |TAMS 0x0000000086300000| PB 0x0000000086300000| Untracked 
|  70|0x0000000086400000, 0x0000000086400000, 0x0000000086500000|  0%| F|  |TAMS 0x0000000086400000| PB 0x0000000086400000| Untracked 
|  71|0x0000000086500000, 0x0000000086500000, 0x0000000086600000|  0%| F|  |TAMS 0x0000000086500000| PB 0x0000000086500000| Untracked 
|  72|0x0000000086600000, 0x0000000086600000, 0x0000000086700000|  0%| F|  |TAMS 0x0000000086600000| PB 0x0000000086600000| Untracked 
|  73|0x0000000086700000, 0x0000000086700000, 0x0000000086800000|  0%| F|  |TAMS 0x0000000086700000| PB 0x0000000086700000| Untracked 
|  74|0x0000000086800000, 0x0000000086800000, 0x0000000086900000|  0%| F|  |TAMS 0x0000000086800000| PB 0x0000000086800000| Untracked 
|  75|0x0000000086900000, 0x0000000086900000, 0x0000000086a00000|  0%| F|  |TAMS 0x0000000086900000| PB 0x0000000086900000| Untracked 
|  76|0x0000000086a00000, 0x0000000086a00000, 0x0000000086b00000|  0%| F|  |TAMS 0x0000000086a00000| PB 0x0000000086a00000| Untracked 
|  77|0x0000000086b00000, 0x0000000086b00000, 0x0000000086c00000|  0%| F|  |TAMS 0x0000000086b00000| PB 0x0000000086b00000| Untracked 
|  78|0x0000000086c00000, 0x0000000086c00000, 0x0000000086d00000|  0%| F|  |TAMS 0x0000000086c00000| PB 0x0000000086c00000| Untracked 
|  79|0x0000000086d00000, 0x0000000086d00000, 0x0000000086e00000|  0%| F|  |TAMS 0x0000000086d00000| PB 0x0000000086d00000| Untracked 
|  80|0x0000000086e00000, 0x0000000086e00000, 0x0000000086f00000|  0%| F|  |TAMS 0x0000000086e00000| PB 0x0000000086e00000| Untracked 
|  81|0x0000000086f00000, 0x0000000086f00000, 0x0000000087000000|  0%| F|  |TAMS 0x0000000086f00000| PB 0x0000000086f00000| Untracked 
|  82|0x0000000087000000, 0x00000000870f93f8, 0x0000000087100000| 97%| E|  |TAMS 0x0000000087000000| PB 0x0000000087000000| Complete 
|  83|0x0000000087100000, 0x0000000087200000, 0x0000000087200000|100%| E|CS|TAMS 0x0000000087100000| PB 0x0000000087100000| Complete 
|  84|0x0000000087200000, 0x0000000087300000, 0x0000000087300000|100%| E|CS|TAMS 0x0000000087200000| PB 0x0000000087200000| Complete 
|  85|0x0000000087300000, 0x0000000087400000, 0x0000000087400000|100%| E|CS|TAMS 0x0000000087300000| PB 0x0000000087300000| Complete 
|  86|0x0000000087400000, 0x0000000087500000, 0x0000000087500000|100%| E|CS|TAMS 0x0000000087400000| PB 0x0000000087400000| Complete 
|  87|0x0000000087500000, 0x0000000087600000, 0x0000000087600000|100%| E|CS|TAMS 0x0000000087500000| PB 0x0000000087500000| Complete 
|  88|0x0000000087600000, 0x0000000087700000, 0x0000000087700000|100%| E|CS|TAMS 0x0000000087600000| PB 0x0000000087600000| Complete 
|  89|0x0000000087700000, 0x0000000087800000, 0x0000000087800000|100%| E|CS|TAMS 0x0000000087700000| PB 0x0000000087700000| Complete 
|  90|0x0000000087800000, 0x0000000087900000, 0x0000000087900000|100%| E|CS|TAMS 0x0000000087800000| PB 0x0000000087800000| Complete 
|  91|0x0000000087900000, 0x0000000087a00000, 0x0000000087a00000|100%| E|CS|TAMS 0x0000000087900000| PB 0x0000000087900000| Complete 
|  92|0x0000000087a00000, 0x0000000087b00000, 0x0000000087b00000|100%| E|CS|TAMS 0x0000000087a00000| PB 0x0000000087a00000| Complete 
|  93|0x0000000087b00000, 0x0000000087c00000, 0x0000000087c00000|100%| E|CS|TAMS 0x0000000087b00000| PB 0x0000000087b00000| Complete 
|  94|0x0000000087c00000, 0x0000000087d00000, 0x0000000087d00000|100%| E|CS|TAMS 0x0000000087c00000| PB 0x0000000087c00000| Complete 
|  95|0x0000000087d00000, 0x0000000087e00000, 0x0000000087e00000|100%| E|CS|TAMS 0x0000000087d00000| PB 0x0000000087d00000| Complete 
|  96|0x0000000087e00000, 0x0000000087f00000, 0x0000000087f00000|100%| E|CS|TAMS 0x0000000087e00000| PB 0x0000000087e00000| Complete 
|  97|0x0000000087f00000, 0x0000000088000000, 0x0000000088000000|100%| E|CS|TAMS 0x0000000087f00000| PB 0x0000000087f00000| Complete 
|  98|0x0000000088000000, 0x0000000088100000, 0x0000000088100000|100%| E|CS|TAMS 0x0000000088000000| PB 0x0000000088000000| Complete 
|  99|0x0000000088100000, 0x0000000088200000, 0x0000000088200000|100%| E|CS|TAMS 0x0000000088100000| PB 0x0000000088100000| Complete 
| 100|0x0000000088200000, 0x0000000088300000, 0x0000000088300000|100%| E|CS|TAMS 0x0000000088200000| PB 0x0000000088200000| Complete 
| 101|0x0000000088300000, 0x0000000088400000, 0x0000000088400000|100%| E|CS|TAMS 0x0000000088300000| PB 0x0000000088300000| Complete 
| 102|0x0000000088400000, 0x0000000088500000, 0x0000000088500000|100%| E|CS|TAMS 0x0000000088400000| PB 0x0000000088400000| Complete 
| 103|0x0000000088500000, 0x0000000088600000, 0x0000000088600000|100%| E|CS|TAMS 0x0000000088500000| PB 0x0000000088500000| Complete 
| 104|0x0000000088600000, 0x0000000088700000, 0x0000000088700000|100%| E|CS|TAMS 0x0000000088600000| PB 0x0000000088600000| Complete 
| 105|0x0000000088700000, 0x0000000088800000, 0x0000000088800000|100%| E|CS|TAMS 0x0000000088700000| PB 0x0000000088700000| Complete 
| 106|0x0000000088800000, 0x0000000088900000, 0x0000000088900000|100%| E|  |TAMS 0x0000000088800000| PB 0x0000000088800000| Complete 
| 107|0x0000000088900000, 0x0000000088a00000, 0x0000000088a00000|100%| E|CS|TAMS 0x0000000088900000| PB 0x0000000088900000| Complete 
| 108|0x0000000088a00000, 0x0000000088b00000, 0x0000000088b00000|100%| E|CS|TAMS 0x0000000088a00000| PB 0x0000000088a00000| Complete 
| 109|0x0000000088b00000, 0x0000000088c00000, 0x0000000088c00000|100%| E|CS|TAMS 0x0000000088b00000| PB 0x0000000088b00000| Complete 
| 110|0x0000000088c00000, 0x0000000088c25b00, 0x0000000088d00000| 14%| S|CS|TAMS 0x0000000088c00000| PB 0x0000000088c00000| Complete 
| 111|0x0000000088d00000, 0x0000000088e00000, 0x0000000088e00000|100%| S|CS|TAMS 0x0000000088d00000| PB 0x0000000088d00000| Complete 
| 112|0x0000000088e00000, 0x0000000088f00000, 0x0000000088f00000|100%| E|CS|TAMS 0x0000000088e00000| PB 0x0000000088e00000| Complete 
| 113|0x0000000088f00000, 0x0000000089000000, 0x0000000089000000|100%| E|CS|TAMS 0x0000000088f00000| PB 0x0000000088f00000| Complete 
| 114|0x0000000089000000, 0x0000000089100000, 0x0000000089100000|100%| E|CS|TAMS 0x0000000089000000| PB 0x0000000089000000| Complete 
| 115|0x0000000089100000, 0x0000000089200000, 0x0000000089200000|100%| E|CS|TAMS 0x0000000089100000| PB 0x0000000089100000| Complete 
| 116|0x0000000089200000, 0x0000000089300000, 0x0000000089300000|100%| E|CS|TAMS 0x0000000089200000| PB 0x0000000089200000| Complete 
| 117|0x0000000089300000, 0x0000000089400000, 0x0000000089400000|100%| E|CS|TAMS 0x0000000089300000| PB 0x0000000089300000| Complete 
| 118|0x0000000089400000, 0x0000000089500000, 0x0000000089500000|100%| E|CS|TAMS 0x0000000089400000| PB 0x0000000089400000| Complete 
| 119|0x0000000089500000, 0x0000000089600000, 0x0000000089600000|100%| E|CS|TAMS 0x0000000089500000| PB 0x0000000089500000| Complete 
| 120|0x0000000089600000, 0x0000000089700000, 0x0000000089700000|100%| E|CS|TAMS 0x0000000089600000| PB 0x0000000089600000| Complete 
| 121|0x0000000089700000, 0x0000000089800000, 0x0000000089800000|100%| E|CS|TAMS 0x0000000089700000| PB 0x0000000089700000| Complete 
| 122|0x0000000089800000, 0x0000000089900000, 0x0000000089900000|100%| E|CS|TAMS 0x0000000089800000| PB 0x0000000089800000| Complete 
| 123|0x0000000089900000, 0x0000000089a00000, 0x0000000089a00000|100%| E|CS|TAMS 0x0000000089900000| PB 0x0000000089900000| Complete 
| 124|0x0000000089a00000, 0x0000000089b00000, 0x0000000089b00000|100%| E|CS|TAMS 0x0000000089a00000| PB 0x0000000089a00000| Complete 
| 125|0x0000000089b00000, 0x0000000089c00000, 0x0000000089c00000|100%| E|CS|TAMS 0x0000000089b00000| PB 0x0000000089b00000| Complete 
| 126|0x0000000089c00000, 0x0000000089d00000, 0x0000000089d00000|100%| E|CS|TAMS 0x0000000089c00000| PB 0x0000000089c00000| Complete 
| 127|0x0000000089d00000, 0x0000000089e00000, 0x0000000089e00000|100%| E|CS|TAMS 0x0000000089d00000| PB 0x0000000089d00000| Complete 

Card table byte_map: [0x00000188e58b0000,0x00000188e5cb0000] _byte_map_base: 0x00000188e54a1000

Marking Bits: (CMBitMap*) 0x00000188d8409d10
 Bits: [0x00000188e5cb0000, 0x00000188e7c38000)

Polling page: 0x00000188d81a0000

Metaspace:

Usage:
  Non-class:     15.96 MB used.
      Class:      2.45 MB used.
       Both:     18.41 MB used.

Virtual space:
  Non-class space:       64.00 MB reserved,      16.19 MB ( 25%) committed,  1 nodes.
      Class space:        1.00 GB reserved,       2.62 MB ( <1%) committed,  1 nodes.
             Both:        1.06 GB reserved,      18.81 MB (  2%) committed. 

Chunk freelists:
   Non-Class:  15.55 MB
       Class:  13.27 MB
        Both:  28.81 MB

MaxMetaspaceSize: unlimited
CompressedClassSpaceSize: 1.00 GB
Initial GC threshold: 21.00 MB
Current GC threshold: 21.00 MB
CDS: on
 - commit_granule_bytes: 65536.
 - commit_granule_words: 8192.
 - virtual_space_node_default_size: 8388608.
 - enlarge_chunks_in_place: 1.
 - use_allocation_guard: 0.


Internal statistics:

num_allocs_failed_limit: 0.
num_arena_births: 602.
num_arena_deaths: 0.
num_vsnodes_births: 2.
num_vsnodes_deaths: 0.
num_space_committed: 301.
num_space_uncommitted: 0.
num_chunks_returned_to_freelist: 0.
num_chunks_taken_from_freelist: 1216.
num_chunk_merges: 0.
num_chunk_splits: 793.
num_chunks_enlarged: 485.
num_inconsistent_stats: 0.

CodeCache: size=49152Kb used=6252Kb max_used=6252Kb free=42899Kb
 bounds [0x00000188e2060000, 0x00000188e2680000, 0x00000188e5060000]
 total_blobs=3113 nmethods=2589 adapters=445
 compilation: enabled
              stopped_count=0, restarted_count=0
 full_count=0

Compilation events (20 events):
Event: 4.433 Thread 0x00000188ea412050 nmethod 2580 0x00000188e2676590 code [0x00000188e2676740, 0x00000188e2676820]
Event: 4.433 Thread 0x00000188ea412050 2581       1       java.io.ObjectStreamClass::hasWriteObjectMethod (17 bytes)
Event: 4.433 Thread 0x00000188ea272e20 2582   !   1       java.io.ObjectOutputStream::defaultWriteFields (288 bytes)
Event: 4.433 Thread 0x00000188ea412050 nmethod 2581 0x00000188e2676910 code [0x00000188e2676ac0, 0x00000188e2676c40]
Event: 4.433 Thread 0x00000188ea412050 2583       1       java.io.ObjectStreamClass::checkDefaultSerialize (20 bytes)
Event: 4.434 Thread 0x00000188ea412050 nmethod 2583 0x00000188e2676d10 code [0x00000188e2676ee0, 0x00000188e26770d8]
Event: 4.434 Thread 0x00000188ea412050 2584       1       java.io.ObjectStreamClass::lookup (26 bytes)
Event: 4.434 Thread 0x00000188ea77d5d0 nmethod 2579 0x00000188e2677210 code [0x00000188e26774c0, 0x00000188e2677d80]
Event: 4.434 Thread 0x00000188ea412050 nmethod 2584 0x00000188e2678210 code [0x00000188e26783e0, 0x00000188e2678568]
Event: 4.434 Thread 0x00000188ea272e20 nmethod 2582 0x00000188e2678610 code [0x00000188e2678840, 0x00000188e2678f18]
Event: 4.436 Thread 0x00000188ea272e20 2585       1       java.lang.invoke.MethodHandle::asFixedArity (23 bytes)
Event: 4.436 Thread 0x00000188ea272e20 nmethod 2585 0x00000188e2679410 code [0x00000188e26795a0, 0x00000188e2679668]
Event: 4.436 Thread 0x00000188ea272e20 2586   !   1       java.io.ObjectOutputStream::writeObject (38 bytes)
Event: 4.436 Thread 0x00000188ea412050 2587       1       java.io.ObjectStreamClass::isRecord (9 bytes)
Event: 4.436 Thread 0x00000188ea77d5d0 2588       1       java.io.ObjectStreamClass::isExternalizable (9 bytes)
Event: 4.436 Thread 0x00000188ea272e20 nmethod 2586 0x00000188e2679710 code [0x00000188e26798c0, 0x00000188e2679a40]
Event: 4.436 Thread 0x00000188ea412050 nmethod 2587 0x00000188e2679b10 code [0x00000188e2679cc0, 0x00000188e2679e38]
Event: 4.436 Thread 0x00000188ea272e20 2589       1       java.io.ObjectStreamClass::getClassDataLayout (20 bytes)
Event: 4.437 Thread 0x00000188ea77d5d0 nmethod 2588 0x00000188e2679f10 code [0x00000188e267a0c0, 0x00000188e267a238]
Event: 4.437 Thread 0x00000188ea272e20 nmethod 2589 0x00000188e267a310 code [0x00000188e267a4c0, 0x00000188e267a610]

GC Heap History (4 events):
Event: 1.293 GC heap before
{Heap before GC invocations=0 (full 0):
 garbage-first heap   total 131072K, used 13312K [0x0000000081e00000, 0x0000000100000000)
  region size 1024K, 13 young (13312K), 0 survivors (0K)
 Metaspace       used 4901K, committed 5120K, reserved 1114112K
  class space    used 570K, committed 704K, reserved 1048576K
}
Event: 1.302 GC heap after
{Heap after GC invocations=1 (full 0):
 garbage-first heap   total 131072K, used 4693K [0x0000000081e00000, 0x0000000100000000)
  region size 1024K, 2 young (2048K), 2 survivors (2048K)
 Metaspace       used 4901K, committed 5120K, reserved 1114112K
  class space    used 570K, committed 704K, reserved 1048576K
}
Event: 2.456 GC heap before
{Heap before GC invocations=1 (full 0):
 garbage-first heap   total 131072K, used 18005K [0x0000000081e00000, 0x0000000100000000)
  region size 1024K, 16 young (16384K), 2 survivors (2048K)
 Metaspace       used 8708K, committed 9024K, reserved 1114112K
  class space    used 1077K, committed 1216K, reserved 1048576K
}
Event: 2.462 GC heap after
{Heap after GC invocations=2 (full 0):
 garbage-first heap   total 131072K, used 6033K [0x0000000081e00000, 0x0000000100000000)
  region size 1024K, 2 young (2048K), 2 survivors (2048K)
 Metaspace       used 8708K, committed 9024K, reserved 1114112K
  class space    used 1077K, committed 1216K, reserved 1048576K
}

Dll operation events (10 events):
Event: 0.026 Loaded shared library C:\Program Files\Java\jdk-21\bin\java.dll
Event: 0.246 Loaded shared library C:\Program Files\Java\jdk-21\bin\zip.dll
Event: 0.254 Loaded shared library C:\Program Files\Java\jdk-21\bin\instrument.dll
Event: 0.270 Loaded shared library C:\Program Files\Java\jdk-21\bin\net.dll
Event: 0.273 Loaded shared library C:\Program Files\Java\jdk-21\bin\nio.dll
Event: 0.287 Loaded shared library C:\Program Files\Java\jdk-21\bin\zip.dll
Event: 0.441 Loaded shared library C:\Program Files\Java\jdk-21\bin\jimage.dll
Event: 0.447 Loaded shared library C:\Program Files\Java\jdk-21\bin\extnet.dll
Event: 0.477 Loaded shared library C:\Program Files\Java\jdk-21\bin\management.dll
Event: 0.516 Loaded shared library C:\Program Files\Java\jdk-21\bin\management_ext.dll

Deoptimization events (0 events):
No events

Classes loaded (20 events):
Event: 4.374 Loading class java/nio/file/FileTreeWalker$DirectoryNode
Event: 4.374 Loading class java/nio/file/FileTreeWalker$DirectoryNode done
Event: 4.374 Loading class java/nio/file/FileTreeWalker$Event
Event: 4.374 Loading class java/nio/file/FileTreeWalker$Event done
Event: 4.374 Loading class java/nio/file/FileTreeWalker$EventType
Event: 4.375 Loading class java/nio/file/FileTreeWalker$EventType done
Event: 4.381 Loading class java/util/regex/Pattern$LazyLoop
Event: 4.381 Loading class java/util/regex/Pattern$Loop
Event: 4.381 Loading class java/util/regex/Pattern$Loop done
Event: 4.381 Loading class java/util/regex/Pattern$LazyLoop done
Event: 4.381 Loading class java/util/regex/Pattern$Prolog
Event: 4.382 Loading class java/util/regex/Pattern$Prolog done
Event: 4.429 Loading class java/rmi/ServerError
Event: 4.429 Loading class java/rmi/ServerError done
Event: 4.441 Loading class java/lang/reflect/MalformedParametersException
Event: 4.441 Loading class java/lang/reflect/MalformedParametersException done
Event: 4.452 Loading class java/util/regex/Pattern$Pos
Event: 4.452 Loading class java/util/regex/Pattern$Pos done
Event: 4.457 Loading class java/lang/AssertionError
Event: 4.457 Loading class java/lang/AssertionError done

Classes unloaded (0 events):
No events

Classes redefined (0 events):
No events

Internal exceptions (20 events):
Event: 3.009 Thread 0x00000188ef707f30 Exception <a 'java/lang/NoSuchMethodError'{0x00000000893ffe68}: 'java.lang.Object java.lang.invoke.Invokers$Holder.linkToTargetMethod(java.lang.Object, java.lang.Object, int, java.lang.Object, java.lang.Object)'> (0x00000000893ffe68) 
thrown [s\open\src\hotspot\share\interpreter\linkResolver.cpp, line 773]
Event: 3.011 Thread 0x00000188ef707f30 Exception <a 'java/lang/NoSuchMethodError'{0x000000008920f638}: 'java.lang.Object java.lang.invoke.DirectMethodHandle$Holder.newInvokeSpecial(java.lang.Object, int, java.lang.Object)'> (0x000000008920f638) 
thrown [s\open\src\hotspot\share\interpreter\linkResolver.cpp, line 773]
Event: 3.011 Thread 0x00000188ef707f30 Exception <a 'java/lang/NoSuchMethodError'{0x00000000892130e8}: 'int java.lang.invoke.DirectMethodHandle$Holder.invokeSpecialIFC(java.lang.Object, java.lang.Object, java.lang.Object, java.lang.Object)'> (0x00000000892130e8) 
thrown [s\open\src\hotspot\share\interpreter\linkResolver.cpp, line 773]
Event: 3.073 Thread 0x00000188ef707f30 Exception <a 'java/lang/NoSuchMethodError'{0x00000000892c08d0}: 'void java.lang.invoke.DirectMethodHandle$Holder.invokeInterface(java.lang.Object, java.lang.Object, java.lang.Object)'> (0x00000000892c08d0) 
thrown [s\open\src\hotspot\share\interpreter\linkResolver.cpp, line 773]
Event: 3.138 Thread 0x00000188ef707f30 Exception <a 'java/lang/NoSuchMethodError'{0x000000008915bbe8}: 'java.lang.Object java.lang.invoke.DirectMethodHandle$Holder.invokeVirtual(java.lang.Object, java.lang.Object, java.lang.Object)'> (0x000000008915bbe8) 
thrown [s\open\src\hotspot\share\interpreter\linkResolver.cpp, line 773]
Event: 3.195 Thread 0x00000188ef707f30 Exception <a 'java/lang/NoSuchMethodError'{0x00000000890584c8}: 'void java.lang.invoke.DirectMethodHandle$Holder.invokeStatic(java.lang.Object, java.lang.Object, int)'> (0x00000000890584c8) 
thrown [s\open\src\hotspot\share\interpreter\linkResolver.cpp, line 773]
Event: 3.203 Thread 0x00000188ef707f30 Exception <a 'java/lang/NoSuchMethodError'{0x0000000089069408}: 'void java.lang.invoke.DirectMethodHandle$Holder.invokeStaticInit(java.lang.Object, java.lang.Object, java.lang.Object)'> (0x0000000089069408) 
thrown [s\open\src\hotspot\share\interpreter\linkResolver.cpp, line 773]
Event: 3.206 Thread 0x00000188ef707f30 Exception <a 'java/lang/NoSuchMethodError'{0x00000000890741f8}: 'java.lang.Object java.lang.invoke.DirectMethodHandle$Holder.invokeStaticInit(java.lang.Object, int)'> (0x00000000890741f8) 
thrown [s\open\src\hotspot\share\interpreter\linkResolver.cpp, line 773]
Event: 3.209 Thread 0x00000188ef707f30 Exception <a 'java/lang/NoSuchMethodError'{0x000000008907e1e8}: 'java.lang.Object java.lang.invoke.DirectMethodHandle$Holder.invokeStatic(java.lang.Object, int, java.lang.Object)'> (0x000000008907e1e8) 
thrown [s\open\src\hotspot\share\interpreter\linkResolver.cpp, line 773]
Event: 3.210 Thread 0x00000188ef707f30 Exception <a 'java/lang/NoSuchMethodError'{0x0000000089081868}: 'java.lang.Object java.lang.invoke.DirectMethodHandle$Holder.invokeStaticInit(java.lang.Object, int, java.lang.Object)'> (0x0000000089081868) 
thrown [s\open\src\hotspot\share\interpreter\linkResolver.cpp, line 773]
Event: 3.243 Thread 0x00000188ef14b160 Exception <a 'java/lang/NoSuchMethodError'{0x0000000088f198e8}: 'long java.lang.invoke.DirectMethodHandle$Holder.invokeVirtual(java.lang.Object, java.lang.Object)'> (0x0000000088f198e8) 
thrown [s\open\src\hotspot\share\interpreter\linkResolver.cpp, line 773]
Event: 3.244 Thread 0x00000188ef14b160 Exception <a 'java/lang/NoSuchMethodError'{0x0000000088f1ce78}: 'long java.lang.invoke.DelegatingMethodHandle$Holder.reinvoke_L(java.lang.Object, java.lang.Object)'> (0x0000000088f1ce78) 
thrown [s\open\src\hotspot\share\interpreter\linkResolver.cpp, line 773]
Event: 3.261 Thread 0x00000188ef707f30 Exception <a 'java/lang/NoSuchMethodError'{0x0000000088f8b9b8}: 'void java.lang.invoke.DirectMethodHandle$Holder.invokeVirtual(java.lang.Object, java.lang.Object, java.lang.Object, java.lang.Object)'> (0x0000000088f8b9b8) 
thrown [s\open\src\hotspot\share\interpreter\linkResolver.cpp, line 773]
Event: 3.403 Thread 0x00000188ef7064f0 Exception <a 'java/lang/NoClassDefFoundError'{0x0000000088a24228}: jakarta/validation/Validation> (0x0000000088a24228) 
thrown [s\open\src\hotspot\share\classfile\systemDictionary.cpp, line 301]
Event: 3.403 Thread 0x00000188ef707f30 Exception <a 'java/lang/NoSuchMethodError'{0x0000000088a435a0}: 'java.lang.Object java.lang.invoke.Invokers$Holder.invoke_MT(java.lang.Object, java.lang.Object, java.lang.Object, java.lang.Object, java.lang.Object, java.lang.Object, java.lang.Object, java.lang.Object, java.lang.Object)'> (0x0000000088a435a0) 
thrown [s\open\src\hotspot\share\interpreter\linkResolver.cpp, line 773]
Event: 3.410 Thread 0x00000188ef707f30 Exception <a 'java/lang/NoSuchMethodError'{0x0000000088aa76c8}: 'java.lang.reflect.Field[] java.lang.Class.getDeclaredFields(java.lang.Class)'> (0x0000000088aa76c8) 
thrown [s\open\src\hotspot\share\interpreter\linkResolver.cpp, line 773]
Event: 3.429 Thread 0x00000188ef707f30 Exception <a 'java/lang/IncompatibleClassChangeError'{0x0000000088971460}: Found class java.lang.Object, but interface was expected> (0x0000000088971460) 
thrown [s\open\src\hotspot\share\interpreter\linkResolver.cpp, line 840]
Event: 4.370 Thread 0x00000188ef707f30 Exception <a 'java/lang/NoSuchMethodError'{0x000000008713f458}: 'int java.lang.invoke.DirectMethodHandle$Holder.invokeSpecial(java.lang.Object, java.lang.Object, java.lang.Object, java.lang.Object, java.lang.Object)'> (0x000000008713f458) 
thrown [s\open\src\hotspot\share\interpreter\linkResolver.cpp, line 773]
Event: 4.375 Thread 0x00000188ef707f30 Exception <a 'java/lang/NoSuchMethodError'{0x0000000087147460}: 'void java.lang.invoke.DirectMethodHandle$Holder.invokeVirtual(java.lang.Object, java.lang.Object)'> (0x0000000087147460) 
thrown [s\open\src\hotspot\share\interpreter\linkResolver.cpp, line 773]
Event: 4.429 Thread 0x00000188ef14b7c0 Exception <a 'java/lang/OutOfMemoryError'{0x00000000895f9e98}: unable to create native thread: possibly out of memory or process/resource limits reached> (0x00000000895f9e98) 
thrown [s\open\src\hotspot\share\prims\jvm.cpp, line 3013]

ZGC Phase Switch (0 events):
No events

VM Operations (20 events):
Event: 1.785 Executing VM operation: HandshakeAllThreads (Deoptimize)
Event: 1.813 Executing VM operation: HandshakeAllThreads (Deoptimize) done
Event: 1.822 Executing VM operation: HandshakeAllThreads (Deoptimize)
Event: 1.822 Executing VM operation: HandshakeAllThreads (Deoptimize) done
Event: 1.863 Executing VM operation: HandshakeAllThreads (Deoptimize)
Event: 1.863 Executing VM operation: HandshakeAllThreads (Deoptimize) done
Event: 2.456 Executing VM operation: G1CollectForAllocation (G1 Evacuation Pause)
Event: 2.462 Executing VM operation: G1CollectForAllocation (G1 Evacuation Pause) done
Event: 2.516 Executing VM operation: HandshakeAllThreads (Deoptimize)
Event: 2.516 Executing VM operation: HandshakeAllThreads (Deoptimize) done
Event: 3.378 Executing VM operation: HandshakeAllThreads (Deoptimize)
Event: 3.378 Executing VM operation: HandshakeAllThreads (Deoptimize) done
Event: 3.383 Executing VM operation: HandshakeAllThreads (Deoptimize)
Event: 3.383 Executing VM operation: HandshakeAllThreads (Deoptimize) done
Event: 3.420 Executing VM operation: ICBufferFull
Event: 3.420 Executing VM operation: ICBufferFull done
Event: 4.154 Executing VM operation: HandshakeAllThreads (Deoptimize)
Event: 4.154 Executing VM operation: HandshakeAllThreads (Deoptimize) done
Event: 4.316 Executing VM operation: HandshakeAllThreads (Deoptimize)
Event: 4.316 Executing VM operation: HandshakeAllThreads (Deoptimize) done

Events (20 events):
Event: 0.432 Thread 0x00000188ea74d740 Thread added: 0x00000188ea74d740
Event: 0.558 Thread 0x00000188ea77d5d0 Thread added: 0x00000188ea77d5d0
Event: 1.293 Thread 0x00000188ef0eee90 Thread added: 0x00000188ef0eee90
Event: 1.365 Thread 0x00000188ef14b160 Thread added: 0x00000188ef14b160
Event: 1.367 Thread 0x00000188ef14b7c0 Thread added: 0x00000188ef14b7c0
Event: 1.766 Thread 0x00000188ef1808f0 Thread added: 0x00000188ef1808f0
Event: 1.780 Thread 0x00000188ef1a1c60 Thread added: 0x00000188ef1a1c60
Event: 1.781 Thread 0x00000188ef1a22c0 Thread added: 0x00000188ef1a22c0
Event: 1.864 Thread 0x00000188ef1a22c0 Thread exited: 0x00000188ef1a22c0
Event: 2.367 Thread 0x00000188ef7085c0 Thread added: 0x00000188ef7085c0
Event: 2.376 Thread 0x00000188ef7085c0 Thread exited: 0x00000188ef7085c0
Event: 2.388 Thread 0x00000188ef709970 Thread added: 0x00000188ef709970
Event: 2.391 Thread 0x00000188ef707f30 Thread added: 0x00000188ef707f30
Event: 2.877 Thread 0x00000188ef7064f0 Thread added: 0x00000188ef7064f0
Event: 2.887 Thread 0x00000188ef7064f0 Thread exited: 0x00000188ef7064f0
Event: 3.388 Thread 0x00000188ef7085c0 Thread added: 0x00000188ef7085c0
Event: 3.395 Thread 0x00000188ef7085c0 Thread exited: 0x00000188ef7085c0
Event: 3.398 Thread 0x00000188ef7064f0 Thread added: 0x00000188ef7064f0
Event: 3.899 Thread 0x00000188ef707210 Thread added: 0x00000188ef707210
Event: 3.934 Thread 0x00000188ef707210 Thread exited: 0x00000188ef707210


Dynamic libraries:
0x00007ff766ac0000 - 0x00007ff766ad0000 	C:\Program Files\Java\jdk-21\bin\java.exe
0x00007ff93d750000 - 0x00007ff93d948000 	C:\Windows\SYSTEM32\ntdll.dll
0x00007ff93c420000 - 0x00007ff93c4e2000 	C:\Windows\System32\KERNEL32.DLL
0x00007ff93b190000 - 0x00007ff93b486000 	C:\Windows\System32\KERNELBASE.dll
0x00007ff93b5f0000 - 0x00007ff93b6f0000 	C:\Windows\System32\ucrtbase.dll
0x00007ff9176b0000 - 0x00007ff9176cb000 	C:\Program Files\Java\jdk-21\bin\VCRUNTIME140.dll
0x00007ff915830000 - 0x00007ff915849000 	C:\Program Files\Java\jdk-21\bin\jli.dll
0x00007ff93cb60000 - 0x00007ff93cc11000 	C:\Windows\System32\ADVAPI32.dll
0x00007ff93cc20000 - 0x00007ff93ccbe000 	C:\Windows\System32\msvcrt.dll
0x00007ff93bc10000 - 0x00007ff93bcaf000 	C:\Windows\System32\sechost.dll
0x00007ff93ba60000 - 0x00007ff93bb83000 	C:\Windows\System32\RPCRT4.dll
0x00007ff93b520000 - 0x00007ff93b547000 	C:\Windows\System32\bcrypt.dll
0x00007ff93c850000 - 0x00007ff93c9ed000 	C:\Windows\System32\USER32.dll
0x00007ff93b6f0000 - 0x00007ff93b712000 	C:\Windows\System32\win32u.dll
0x00007ff93c9f0000 - 0x00007ff93ca1b000 	C:\Windows\System32\GDI32.dll
0x00007ff93b070000 - 0x00007ff93b189000 	C:\Windows\System32\gdi32full.dll
0x00007ff93b550000 - 0x00007ff93b5ed000 	C:\Windows\System32\msvcp_win.dll
0x00007ff91bc50000 - 0x00007ff91beea000 	C:\Windows\WinSxS\amd64_microsoft.windows.common-controls_6595b64144ccf1df_6.0.19041.5915_none_60b4b9d171f9c7c7\COMCTL32.dll
0x00007ff930a30000 - 0x00007ff930a3a000 	C:\Windows\SYSTEM32\VERSION.dll
0x00007ff93cd80000 - 0x00007ff93cdaf000 	C:\Windows\System32\IMM32.DLL
0x00007ff9158c0000 - 0x00007ff9158cc000 	C:\Program Files\Java\jdk-21\bin\vcruntime140_1.dll
0x00007ff8fa580000 - 0x00007ff8fa60e000 	C:\Program Files\Java\jdk-21\bin\msvcp140.dll
0x00007ff8d3b50000 - 0x00007ff8d486a000 	C:\Program Files\Java\jdk-21\bin\server\jvm.dll
0x00007ff93c6a0000 - 0x00007ff93c70b000 	C:\Windows\System32\WS2_32.dll
0x00007ff93ab20000 - 0x00007ff93ab6b000 	C:\Windows\SYSTEM32\POWRPROF.dll
0x00007ff91d130000 - 0x00007ff91d157000 	C:\Windows\SYSTEM32\WINMM.dll
0x00007ff93a950000 - 0x00007ff93a962000 	C:\Windows\SYSTEM32\UMPDC.dll
0x00007ff9395c0000 - 0x00007ff9395d2000 	C:\Windows\SYSTEM32\kernel.appcore.dll
0x00007ff915770000 - 0x00007ff91577a000 	C:\Program Files\Java\jdk-21\bin\jimage.dll
0x00007ff935ab0000 - 0x00007ff935cb1000 	C:\Windows\SYSTEM32\DBGHELP.DLL
0x00007ff930870000 - 0x00007ff9308a4000 	C:\Windows\SYSTEM32\dbgcore.DLL
0x00007ff93b490000 - 0x00007ff93b512000 	C:\Windows\System32\bcryptPrimitives.dll
0x00007ff91b5a0000 - 0x00007ff91b5af000 	C:\Program Files\Java\jdk-21\bin\instrument.dll
0x00007ff915330000 - 0x00007ff91534f000 	C:\Program Files\Java\jdk-21\bin\java.dll
0x00007ff93bcb0000 - 0x00007ff93c41e000 	C:\Windows\System32\SHELL32.dll
0x00007ff935cc0000 - 0x00007ff936464000 	C:\Windows\SYSTEM32\windows.storage.dll
0x00007ff93ced0000 - 0x00007ff93d223000 	C:\Windows\System32\combase.dll
0x00007ff93a6c0000 - 0x00007ff93a6eb000 	C:\Windows\SYSTEM32\Wldp.dll
0x00007ff93b990000 - 0x00007ff93ba5d000 	C:\Windows\System32\OLEAUT32.dll
0x00007ff93ccc0000 - 0x00007ff93cd6d000 	C:\Windows\System32\SHCORE.dll
0x00007ff93b770000 - 0x00007ff93b7cb000 	C:\Windows\System32\shlwapi.dll
0x00007ff93ad10000 - 0x00007ff93ad34000 	C:\Windows\SYSTEM32\profapi.dll
0x00007ff913cf0000 - 0x00007ff913d08000 	C:\Program Files\Java\jdk-21\bin\zip.dll
0x00007ff915760000 - 0x00007ff915770000 	C:\Program Files\Java\jdk-21\bin\net.dll
0x00007ff929710000 - 0x00007ff92981a000 	C:\Windows\SYSTEM32\WINHTTP.dll
0x00007ff93a440000 - 0x00007ff93a4aa000 	C:\Windows\system32\mswsock.dll
0x00007ff913d60000 - 0x00007ff913d76000 	C:\Program Files\Java\jdk-21\bin\nio.dll
0x00007ff914170000 - 0x00007ff914179000 	C:\Program Files\Java\jdk-21\bin\extnet.dll
0x00007ff93a180000 - 0x00007ff93a24a000 	C:\Windows\SYSTEM32\DNSAPI.dll
0x00007ff93a140000 - 0x00007ff93a17b000 	C:\Windows\SYSTEM32\IPHLPAPI.DLL
0x00007ff93d700000 - 0x00007ff93d708000 	C:\Windows\System32\NSI.dll
0x00007ff92d680000 - 0x00007ff92d68a000 	C:\Windows\System32\rasadhlp.dll
0x00007ff922690000 - 0x00007ff922710000 	C:\Windows\System32\fwpuclnt.dll
0x00007ff91b580000 - 0x00007ff91b58a000 	C:\Program Files\Java\jdk-21\bin\management.dll
0x00007ff91b570000 - 0x00007ff91b57b000 	C:\Program Files\Java\jdk-21\bin\management_ext.dll
0x00007ff93cd70000 - 0x00007ff93cd78000 	C:\Windows\System32\PSAPI.DLL
0x00007ff93a700000 - 0x00007ff93a718000 	C:\Windows\SYSTEM32\CRYPTSP.dll
0x00007ff939d80000 - 0x00007ff939db8000 	C:\Windows\system32\rsaenh.dll
0x00007ff93ac90000 - 0x00007ff93acbe000 	C:\Windows\SYSTEM32\USERENV.dll
0x00007ff93a5d0000 - 0x00007ff93a5dc000 	C:\Windows\SYSTEM32\CRYPTBASE.dll
0x00007ff918690000 - 0x00007ff9186a7000 	C:\Windows\system32\napinsp.dll
0x00007ff918650000 - 0x00007ff91866b000 	C:\Windows\system32\pnrpnsp.dll
0x00007ff933350000 - 0x00007ff93336d000 	C:\Windows\system32\wshbth.dll
0x00007ff9308b0000 - 0x00007ff9308cd000 	C:\Windows\system32\NLAapi.dll
0x00007ff918630000 - 0x00007ff918642000 	C:\Windows\System32\winrnr.dll
0x00007ff91b4f0000 - 0x00007ff91b541000 	C:\Windows\SYSTEM32\pdh.dll
0x00007ff9349f0000 - 0x00007ff9349ff000 	C:\Windows\System32\perfproc.dll
0x00007ff91c1b0000 - 0x00007ff91c1bf000 	C:\Windows\System32\perfos.dll

dbghelp: loaded successfully - version: 4.0.5 - missing functions: none
symbol engine: initialized successfully - sym options: 0x614 - pdb path: .;C:\Program Files\Java\jdk-21\bin;C:\Windows\SYSTEM32;C:\Windows\WinSxS\amd64_microsoft.windows.common-controls_6595b64144ccf1df_6.0.19041.5915_none_60b4b9d171f9c7c7;C:\Program Files\Java\jdk-21\bin\server

VM Arguments:
jvm_args: -XX:TieredStopAtLevel=1 -Dspring.output.ansi.enabled=always -Dcom.sun.management.jmxremote -Dspring.jmx.enabled=true -Dspring.liveBeansView.mbeanDomain -Dspring.application.admin.enabled=true -Dmanagement.endpoints.jmx.exposure.include=* -javaagent:D:\IntelliJ IDEA 2025.1.2\lib\idea_rt.jar=52516 -Dfile.encoding=UTF-8 -Dsun.stdout.encoding=UTF-8 -Dsun.stderr.encoding=UTF-8 
java_command: com.example.result_metadata_service.ResultMetadataServiceApplication
java_class_path (initial): D:\sppu-result\result-metadata-service\target\classes;C:\Users\omshi\.m2\repository\org\springframework\boot\spring-boot-starter-web\3.5.3\spring-boot-starter-web-3.5.3.jar;C:\Users\omshi\.m2\repository\org\springframework\boot\spring-boot-starter\3.5.3\spring-boot-starter-3.5.3.jar;C:\Users\omshi\.m2\repository\org\springframework\boot\spring-boot-starter-logging\3.5.3\spring-boot-starter-logging-3.5.3.jar;C:\Users\omshi\.m2\repository\ch\qos\logback\logback-classic\1.5.18\logback-classic-1.5.18.jar;C:\Users\omshi\.m2\repository\ch\qos\logback\logback-core\1.5.18\logback-core-1.5.18.jar;C:\Users\omshi\.m2\repository\org\apache\logging\log4j\log4j-to-slf4j\2.24.3\log4j-to-slf4j-2.24.3.jar;C:\Users\omshi\.m2\repository\org\apache\logging\log4j\log4j-api\2.24.3\log4j-api-2.24.3.jar;C:\Users\omshi\.m2\repository\org\slf4j\jul-to-slf4j\2.0.17\jul-to-slf4j-2.0.17.jar;C:\Users\omshi\.m2\repository\jakarta\annotation\jakarta.annotation-api\2.1.1\jakarta.annotation-api-2.1.1.jar;C:\Users\omshi\.m2\repository\org\yaml\snakeyaml\2.4\snakeyaml-2.4.jar;C:\Users\omshi\.m2\repository\org\springframework\boot\spring-boot-starter-json\3.5.3\spring-boot-starter-json-3.5.3.jar;C:\Users\omshi\.m2\repository\com\fasterxml\jackson\core\jackson-databind\2.19.1\jackson-databind-2.19.1.jar;C:\Users\omshi\.m2\repository\com\fasterxml\jackson\core\jackson-annotations\2.19.1\jackson-annotations-2.19.1.jar;C:\Users\omshi\.m2\repository\com\fasterxml\jackson\core\jackson-core\2.19.1\jackson-core-2.19.1.jar;C:\Users\omshi\.m2\repository\com\fasterxml\jackson\datatype\jackson-datatype-jdk8\2.19.1\jackson-datatype-jdk8-2.19.1.jar;C:\Users\omshi\.m2\repository\com\fasterxml\jackson\datatype\jackson-datatype-jsr310\2.19.1\jackson-datatype-jsr310-2.19.1.jar;C:\Users\omshi\.m2\repository\com\fasterxml\jackson\module\jackson-module-parameter-names\2.19.1\jackson-module-parameter-names-2.19.1.jar;C:\Users\omshi\.m2\repository\org\springframework\boot\spring-boot-starter-tomcat\3.5.3\spring-boot-starter-tomcat-3.5.3.jar;C:\Users\omshi\.m2\repository\org\apache\tomcat\embed\tomcat-embed-core\10.1.42\tomcat-embed-core-10.1.42.jar;C:\Users\omshi\.m2\repository\org\apache\tomcat\embed\tomcat-embed-el\10.1.42\tomcat-embed-el-10.1.42.jar;C:\Users\omshi\.m2\repository\org\apache\tomcat\embed\tomcat-embed-websocket\10.1.42\tomcat-embed-websocket-10.1.42.jar;C:\Users\omshi\.m2\repository\org\springframework\spring-web\6.2.8\spring-web-6.2.8.jar;C:\Users\omshi\.m2\repository\org\springframework\spring-beans\6.2.8\spring-beans-6.2.8.jar;C:\Users\omshi\.m2\repository\io\micrometer\micrometer-observation\1.15.1\micrometer-observation-1.15.1.jar;C:\Users\omshi\.m2\repository\io\micrometer\micrometer-commons\1.15.1\micrometer-commons-1.15.1.jar;C:\Users\omshi\.m2\repository\org\springframework\spring-webmvc\6.2.8\spring-webmvc-6.2.8.jar;C:\Users\omshi\.m2\repository\org\springframework\spring-aop\6.2.8\spring-aop-6.2.8.jar;C:\Users\omshi\.m2\repository\org\springframework\spring-context\6.2.8\spring-context-6.2.8.jar;C:\Users\omshi\.m2\repository\org\springframework\spring-expression\6.2.8\spring-expression-6.2.8.jar;C:\Users\omshi\.m2\repository\org\jsoup\jsoup\1.15.3\jsoup-1.15.3.jar;C:\Users\omshi\.m2\repository\org\springframework\boot\spring-boot-devtools\3.5.3\spring-boot-devtools-3.5.3.jar;C:\Users\omshi\.m2\repository\org\springframework\boot\spring-boot\3.5.3\spring-boot-3.5.3.jar;C:\Users\omshi\.m2\repository\org\springframework\boot\spring-boot-autoconfigure\3.5.3\spring-boot-autoconfigure-3.5.3.jar;C:\Users\omshi\.m2\repository\org\projectlombok\lombok\1.18.38\lombok-1.18.38.jar;C:\Users\omshi\.m2\repository\org\slf4j\slf4j-api\2.0.17\slf4j-api-2.0.17.jar;C:\Users\omshi\.m2\repository\org\springframework\spring-core\6.2.8\spring-core-6.2.8.jar;C:\Users\omshi\.m2\repository\org\springframework\spring-jcl\6.2.8\spring-jcl-6.2.8.jar
Launcher Type: SUN_STANDARD

[Global flags]
     intx CICompilerCount                          = 3                                         {product} {ergonomic}
     uint ConcGCThreads                            = 1                                         {product} {ergonomic}
     uint G1ConcRefinementThreads                  = 4                                         {product} {ergonomic}
   size_t G1HeapRegionSize                         = 1048576                                   {product} {ergonomic}
    uintx GCDrainStackTargetSize                   = 64                                        {product} {ergonomic}
   size_t InitialHeapSize                          = 134217728                                 {product} {ergonomic}
     bool ManagementServer                         = true                                      {product} {command line}
   size_t MarkStackSize                            = 4194304                                   {product} {ergonomic}
   size_t MaxHeapSize                              = 2116026368                                {product} {ergonomic}
   size_t MaxNewSize                               = 1268776960                                {product} {ergonomic}
   size_t MinHeapDeltaBytes                        = 1048576                                   {product} {ergonomic}
   size_t MinHeapSize                              = 8388608                                   {product} {ergonomic}
    uintx NonNMethodCodeHeapSize                   = 4096                                   {pd product} {ergonomic}
    uintx NonProfiledCodeHeapSize                  = 0                                      {pd product} {ergonomic}
     bool ProfileInterpreter                       = false                                  {pd product} {command line}
    uintx ProfiledCodeHeapSize                     = 0                                      {pd product} {ergonomic}
   size_t SoftMaxHeapSize                          = 2116026368                             {manageable} {ergonomic}
     intx TieredStopAtLevel                        = 1                                         {product} {command line}
     bool UseCompressedOops                        = true                           {product lp64_product} {ergonomic}
     bool UseG1GC                                  = true                                      {product} {ergonomic}
     bool UseLargePagesIndividualAllocation        = false                                  {pd product} {ergonomic}

Logging:
Log output configuration:
 #0: stdout all=warning uptime,level,tags foldmultilines=false
 #1: stderr all=off uptime,level,tags foldmultilines=false

Environment Variables:
JAVA_HOME=C:\Program Files\Java\jdk-21
PATH=C:\Program Files\Common Files\Oracle\Java\javapath;C:\Windows\system32;C:\Windows;C:\Windows\System32\Wbem;C:\Windows\System32\WindowsPowerShell\v1.0\;C:\Windows\System32\OpenSSH\;C:\Program Files\nodejs\;C:\Program Files\Git\cmd;C:\Program Files\MongoDB\mongosh-2.1.4-win32-x64\bin;C:\Program Files\MySQL\MySQL Server 8.0\bin;C:\MinGW\bin;C:\Program Files\MySQL\MySQL Shell 8.0\bin\;C:\Users\omshi\AppData\Local\Microsoft\WindowsApps;C:\Users\omshi\AppData\Local\Programs\Microsoft VS Code\bin;C:\Users\omshi\AppData\Roaming\npm;C:\Users\omshi\AppData\Local\Programs\Python\Python312\Scripts\;C:\Users\omshi\AppData\Local\Programs\Python\Python312\;C:\Users\omshi\AppData\Local\Programs\Python\Launcher\;C:\Users\omshi\AppData\Local\Coursier\data\bin;D:\apache-maven-3.9.10-bin\apache-maven-3.9.10\bin;C:\Program Files\Java\jdk-21\bin;C:\Users\omshi\AppData\Local\Programs\Python\Python312\Scripts\;C:\Users\omshi\AppData\Local\Programs\Python\Python312\;C:\Users\omshi\AppData\Local\Programs\Python\Launcher\;D:\anaconda3;D:\anaconda3\Library\mingw-w64\bin;D:\anaconda3\Library\usr\bin;D:\anaconda3\Library\bin;D:\anaconda3\Scripts;C:\Windows\system32;C:\Windows;C:\Windows\System32\Wbem;C:\Windows\System32\WindowsPowerShell\v1.0\;C:\Windows\System32\OpenSSH\;C:\Program Files\nodejs\;C:\Program Files\Git\cmd;C:\Program Files\MongoDB\mongosh-2.1.4-win32-x64\bin;C:\Program Files\MySQL\MySQL Server 8.0\bin;C:\MinGW\bin;C:\Users\omshi\AppData\Local\Microsoft\WindowsApps;C:\Users\omshi\AppData\Local\Programs\Microsoft VS Code\bin;C:\Users\omshi\AppData\Roaming\npm;C:\Users\omshi\AppData\Local\Coursier\data\bin;;D:\IntelliJ IDEA 2025.1.2\bin;
USERNAME=omshi
OS=Windows_NT
PROCESSOR_IDENTIFIER=Intel64 Family 6 Model 78 Stepping 3, GenuineIntel
TMP=C:\Users\omshi\AppData\Local\Temp
TEMP=C:\Users\omshi\AppData\Local\Temp




Periodic native trim disabled

---------------  S Y S T E M  ---------------

OS:
 Windows 10 , 64 bit Build 19041 (10.0.19041.5915)
OS uptime: 2 days 7:55 hours
Hyper-V role detected

CPU: total 4 (initial active 4) (2 cores per cpu, 2 threads per core) family 6 model 78 stepping 3 microcode 0xf0, cx8, cmov, fxsr, ht, mmx, 3dnowpref, sse, sse2, sse3, ssse3, sse4.1, sse4.2, popcnt, lzcnt, tsc, tscinvbit, avx, avx2, aes, erms, clmul, bmi1, bmi2, rtm, adx, fma, vzeroupper, clflush, clflushopt, hv, rdtscp, f16c
Processor Information for all 4 processors :
  Max Mhz: 2496, Current Mhz: 2396, Mhz Limit: 2396

Memory: 4k page, system-wide physical 8071M (470M free)
TotalPageFile size 21017M (AvailPageFile size 3M)
current process WorkingSet (physical memory assigned to process): 132M, peak: 132M
current process commit charge ("private bytes"): 243M, peak: 243M

vm_info: Java HotSpot(TM) 64-Bit Server VM (21.0.6+8-LTS-188) for windows-amd64 JRE (21.0.6+8-LTS-188), built on 2024-12-03T10:50:54Z by "mach5one" with MS VC++ 17.6 (VS2022)

END.
