#
# There is insufficient memory for the Java Runtime Environment to continue.
# Native memory allocation (mmap) failed to map 65536 bytes for Failed to commit metaspace.
# Possible reasons:
#   The system is out of physical RAM or swap space
#   The process is running with CompressedOops enabled, and the Java Heap may be blocking the growth of the native heap
# Possible solutions:
#   Reduce memory load on the system
#   Increase physical memory or swap space
#   Check if swap backing store is full
#   Decrease Java heap size (-Xmx/-Xms)
#   Decrease number of Java threads
#   Decrease Java thread stack sizes (-Xss)
#   Set larger code cache with -XX:ReservedCodeCacheSize=
#   JVM is running with Unscaled Compressed Oops mode in which the Java heap is
#     placed in the first 4GB address space. The Java Heap base address is the
#     maximum limit for the native heap growth. Please use -XX:HeapBaseMinAddress
#     to set the Java Heap base and to place the Java Heap above 4GB virtual address.
# This output file may be truncated or incomplete.
#
#  Out of Memory Error (virtualSpaceNode.cpp:112), pid=1304, tid=17256
#
# JRE version: Java(TM) SE Runtime Environment (21.0.6+8) (build 21.0.6+8-LTS-188)
# Java VM: Java HotSpot(TM) 64-Bit Server VM (21.0.6+8-LTS-188, mixed mode, emulated-client, sharing, tiered, compressed oops, compressed class ptrs, g1 gc, windows-amd64)
# No core dump will be written. Minidumps are not enabled by default on client versions of Windows
#

---------------  S U M M A R Y ------------

Command Line: -XX:TieredStopAtLevel=1 -Dspring.output.ansi.enabled=always -Dcom.sun.management.jmxremote -Dspring.jmx.enabled=true -Dspring.liveBeansView.mbeanDomain -Dspring.application.admin.enabled=true -Dmanagement.endpoints.jmx.exposure.include=* -javaagent:D:\IntelliJ IDEA 2025.1.2\lib\idea_rt.jar=52380 -Dfile.encoding=UTF-8 -Dsun.stdout.encoding=UTF-8 -Dsun.stderr.encoding=UTF-8 com.example.result_metadata_service.ResultMetadataServiceApplication

Host: Intel(R) Core(TM) i5-6300U CPU @ 2.40GHz, 4 cores, 7G,  Windows 10 , 64 bit Build 19041 (10.0.19041.5915)
Time: Sun Jul 13 23:48:32 2025 India Standard Time elapsed time: 8.932608 seconds (0d 0h 0m 8s)

---------------  T H R E A D  ---------------

Current thread (0x000001d412974de0):  JavaThread "restartedMain"        [_thread_in_vm, id=17256, stack(0x00000019fe800000,0x00000019fe900000) (1024K)]

Stack: [0x00000019fe800000,0x00000019fe900000]
Native frames: (J=compiled Java code, j=interpreted, Vv=VM code, C=native code)
V  [jvm.dll+0x6ca6d9]
V  [jvm.dll+0x854f51]
V  [jvm.dll+0x85747e]
V  [jvm.dll+0x857b53]
V  [jvm.dll+0x27dcc6]
V  [jvm.dll+0x850b6e]
V  [jvm.dll+0x66e3e5]
V  [jvm.dll+0x66e44a]
V  [jvm.dll+0x670c65]
V  [jvm.dll+0x670b32]
V  [jvm.dll+0x66edbe]
V  [jvm.dll+0x2681ef]
V  [jvm.dll+0x679135]
V  [jvm.dll+0x214cb1]
V  [jvm.dll+0x21513a]
V  [jvm.dll+0x215b61]
V  [jvm.dll+0x20affe]
V  [jvm.dll+0x5ad2ec]
V  [jvm.dll+0x21c79a]
V  [jvm.dll+0x7ce79c]
V  [jvm.dll+0x7cf7c4]
V  [jvm.dll+0x7cfd92]
V  [jvm.dll+0x7cfa18]
V  [jvm.dll+0x26bb6b]
V  [jvm.dll+0x26bd9a]
V  [jvm.dll+0x5d0281]
V  [jvm.dll+0x5d28c4]
V  [jvm.dll+0x3d64b2]
V  [jvm.dll+0x3d5f50]
C  0x000001d3c4fa689c

The last pc belongs to getstatic (printed below).
Java frames: (J=compiled Java code, j=interpreted, Vv=VM code)
j  com.sun.beans.introspect.ClassInfo.<clinit>()V+15 java.desktop@21.0.6
v  ~StubRoutines::call_stub 0x000001d3c4f9100d
j  java.beans.Introspector.flushCaches()V+6 java.desktop@21.0.6
j  org.apache.catalina.loader.WebappClassLoaderBase.clearReferences()V+133
j  org.apache.catalina.loader.WebappClassLoaderBase.stop()V+8
j  org.apache.catalina.loader.WebappLoader.stopInternal()V+65
j  org.apache.catalina.util.LifecycleBase.stop()V+228
j  org.apache.catalina.core.StandardContext.stopInternal()V+363
j  org.apache.catalina.util.LifecycleBase.stop()V+228
j  org.apache.catalina.core.ContainerBase$StopChild.call()Ljava/lang/Void;+19
j  org.apache.catalina.core.ContainerBase$StopChild.call()Ljava/lang/Object;+1
j  java.util.concurrent.FutureTask.run()V+39 java.base@21.0.6
j  org.apache.tomcat.util.threads.InlineExecutorService.execute(Ljava/lang/Runnable;)V+38
j  java.util.concurrent.AbstractExecutorService.submit(Ljava/util/concurrent/Callable;)Ljava/util/concurrent/Future;+20 java.base@21.0.6
j  org.apache.catalina.core.ContainerBase.stopInternal()V+125
j  org.apache.catalina.util.LifecycleBase.stop()V+228
j  org.apache.catalina.core.ContainerBase$StopChild.call()Ljava/lang/Void;+19
j  org.apache.catalina.core.ContainerBase$StopChild.call()Ljava/lang/Object;+1
j  java.util.concurrent.FutureTask.run()V+39 java.base@21.0.6
j  org.apache.tomcat.util.threads.InlineExecutorService.execute(Ljava/lang/Runnable;)V+38
j  java.util.concurrent.AbstractExecutorService.submit(Ljava/util/concurrent/Callable;)Ljava/util/concurrent/Future;+20 java.base@21.0.6
j  org.apache.catalina.core.ContainerBase.stopInternal()V+125
j  org.apache.catalina.util.LifecycleBase.stop()V+228
j  org.apache.catalina.core.StandardService.stopInternal()V+188
j  org.apache.catalina.util.LifecycleBase.stop()V+228
j  org.apache.catalina.core.StandardServer.stopInternal()V+83
j  org.apache.catalina.util.LifecycleBase.stop()V+228
j  org.apache.catalina.startup.Tomcat.stop()V+9
j  org.springframework.boot.web.embedded.tomcat.TomcatWebServer.stopTomcat()V+29
j  org.springframework.boot.web.embedded.tomcat.TomcatWebServer.destroy()V+1
j  org.springframework.boot.web.servlet.context.ServletWebServerApplicationContext.refresh()V+24
j  org.springframework.boot.SpringApplication.refresh(Lorg/springframework/context/ConfigurableApplicationContext;)V+1
j  org.springframework.boot.SpringApplication.refreshContext(Lorg/springframework/context/ConfigurableApplicationContext;)V+19
j  org.springframework.boot.SpringApplication.run([Ljava/lang/String;)Lorg/springframework/context/ConfigurableApplicationContext;+113
j  org.springframework.boot.SpringApplication.run([Ljava/lang/Class;[Ljava/lang/String;)Lorg/springframework/context/ConfigurableApplicationContext;+9
j  org.springframework.boot.SpringApplication.run(Ljava/lang/Class;[Ljava/lang/String;)Lorg/springframework/context/ConfigurableApplicationContext;+9
j  com.example.result_metadata_service.ResultMetadataServiceApplication.main([Ljava/lang/String;)V+3
j  java.lang.invoke.LambdaForm$DMH+0x000001d3ce004800.invokeStatic(Ljava/lang/Object;Ljava/lang/Object;)V+10 java.base@21.0.6
j  java.lang.invoke.LambdaForm$MH+0x000001d3ce11d000.invoke(Ljava/lang/Object;Ljava/lang/Object;Ljava/lang/Object;)Ljava/lang/Object;+33 java.base@21.0.6
j  java.lang.invoke.Invokers$Holder.invokeExact_MT(Ljava/lang/Object;Ljava/lang/Object;Ljava/lang/Object;Ljava/lang/Object;)Ljava/lang/Object;+20 java.base@21.0.6
j  jdk.internal.reflect.DirectMethodHandleAccessor.invokeImpl(Ljava/lang/Object;[Ljava/lang/Object;)Ljava/lang/Object;+55 java.base@21.0.6
j  jdk.internal.reflect.DirectMethodHandleAccessor.invoke(Ljava/lang/Object;[Ljava/lang/Object;)Ljava/lang/Object;+23 java.base@21.0.6
j  java.lang.reflect.Method.invoke(Ljava/lang/Object;[Ljava/lang/Object;)Ljava/lang/Object;+102 java.base@21.0.6
j  org.springframework.boot.devtools.restart.RestartLauncher.run()V+47
v  ~StubRoutines::call_stub 0x000001d3c4f9100d
getstatic  178 getstatic  [0x000001d3c4fa6800, 0x000001d3c4fa69f8]  504 bytes
[MachCode]
  0x000001d3c4fa6800: 4883 ec08 | c5fa 1104 | 24eb 1f48 | 83ec 10c5 | fb11 0424 | eb14 4883 | ec10 4889 | 0424 48c7 
  0x000001d3c4fa6820: 4424 0800 | 0000 00eb | 0150 410f | b755 0148 | 8b4d d0c1 | e202 8b5c | d138 c1eb | 1081 e3ff 
  0x000001d3c4fa6840: 0000 0081 | fbb2 0000 | 000f 84b4 | 0000 00bb | b200 0000 | e805 0000 | 00e9 9900 | 0000 488b 
  0x000001d3c4fa6860: d348 8d44 | 2408 4c89 | 6dc0 498b | cfc5 f877 | 4989 afa8 | 0300 0049 | 8987 9803 | 0000 4883 
  0x000001d3c4fa6880: ec20 40f6 | c40f 0f84 | 1900 0000 | 4883 ec08 | 48b8 f05e | f2d3 f87f | 0000 ffd0 | 4883 c408 
  0x000001d3c4fa68a0: e90c 0000 | 0048 b8f0 | 5ef2 d3f8 | 7f00 00ff | d048 83c4 | 2049 c787 | 9803 0000 | 0000 0000 
  0x000001d3c4fa68c0: 49c7 87a8 | 0300 0000 | 0000 0049 | c787 a003 | 0000 0000 | 0000 c5f8 | 7749 837f | 0800 0f84 
  0x000001d3c4fa68e0: 0500 0000 | e917 a6fe | ff4c 8b6d | c04c 8b75 | c84e 8d74 | f500 c341 | 0fb7 5501 | 488b 4dd0 
  0x000001d3c4fa6900: c1e2 0248 | 8b5c d148 | 8b44 d150 | 4c8b 4cd1 | 404d 8b49 | 704d 8b09 | c1e8 1c83 | e00f 0f85 
  0x000001d3c4fa6920: 0b00 0000 | 410f be04 | 1950 e9b1 | 0000 0083 | f801 0f85 | 0b00 0000 | 410f b604 | 1950 e99d 
  0x000001d3c4fa6940: 0000 0083 | f808 0f85 | 0a00 0000 | 418b 0419 | 50e9 8a00 | 0000 83f8 | 040f 850a | 0000 0041 
  0x000001d3c4fa6960: 8b04 1950 | e977 0000 | 0083 f802 | 0f85 0b00 | 0000 410f | b704 1950 | e963 0000 | 0083 f803 
  0x000001d3c4fa6980: 0f85 0b00 | 0000 410f | bf04 1950 | e94f 0000 | 0083 f805 | 0f85 1a00 | 0000 498b | 0419 4883 
  0x000001d3c4fa69a0: ec10 4889 | 0424 48c7 | 4424 0800 | 0000 00e9 | 2c00 0000 | 83f8 060f | 8514 0000 | 00c4 c17a 
  0x000001d3c4fa69c0: 1004 1948 | 83ec 08c5 | fa11 0424 | e90f 0000 | 00c4 c17b | 1004 1948 | 83ec 10c5 | fb11 0424 
  0x000001d3c4fa69e0: 410f b65d | 0349 83c5 | 0349 ba10 | 247a d4f8 | 7f00 0041 | ff24 da90 
[/MachCode]

---------------  P R O C E S S  ---------------

Threads class SMR info:
_java_thread_list=0x000001d413bebb60, length=24, elements={
0x000001d3baa69cc0, 0x000001d3ccae4600, 0x000001d3ccae5c60, 0x000001d3ccae83f0,
0x000001d3ccae8e40, 0x000001d3ccaea1e0, 0x000001d3ccaeac30, 0x000001d3ccaee890,
0x000001d3ccab3aa0, 0x000001d41209fe80, 0x000001d41223a1e0, 0x000001d41235def0,
0x000001d41235e550, 0x000001d412554500, 0x000001d412518be0, 0x000001d4125ab2b0,
0x000001d4125abbd0, 0x000001d4129657c0, 0x000001d412974de0, 0x000001d412f915d0,
0x000001d412f943c0, 0x000001d412f93010, 0x000001d412f94a50, 0x000001d412f93d30
}

Java Threads: ( => current thread )
  0x000001d3baa69cc0 JavaThread "main"                              [_thread_blocked, id=352, stack(0x00000019fcc00000,0x00000019fcd00000) (1024K)]
  0x000001d3ccae4600 JavaThread "Reference Handler"          daemon [_thread_blocked, id=17392, stack(0x00000019fd400000,0x00000019fd500000) (1024K)]
  0x000001d3ccae5c60 JavaThread "Finalizer"                  daemon [_thread_blocked, id=12316, stack(0x00000019fd500000,0x00000019fd600000) (1024K)]
  0x000001d3ccae83f0 JavaThread "Signal Dispatcher"          daemon [_thread_blocked, id=13176, stack(0x00000019fd600000,0x00000019fd700000) (1024K)]
  0x000001d3ccae8e40 JavaThread "Attach Listener"            daemon [_thread_blocked, id=1728, stack(0x00000019fd700000,0x00000019fd800000) (1024K)]
  0x000001d3ccaea1e0 JavaThread "Service Thread"             daemon [_thread_blocked, id=7136, stack(0x00000019fd800000,0x00000019fd900000) (1024K)]
  0x000001d3ccaeac30 JavaThread "Monitor Deflation Thread"   daemon [_thread_blocked, id=13648, stack(0x00000019fd900000,0x00000019fda00000) (1024K)]
  0x000001d3ccaee890 JavaThread "C1 CompilerThread0"         daemon [_thread_blocked, id=15772, stack(0x00000019fda00000,0x00000019fdb00000) (1024K)]
  0x000001d3ccab3aa0 JavaThread "Common-Cleaner"             daemon [_thread_blocked, id=19308, stack(0x00000019fdb00000,0x00000019fdc00000) (1024K)]
  0x000001d41209fe80 JavaThread "C1 CompilerThread1"         daemon [_thread_blocked, id=6304, stack(0x00000019fdc00000,0x00000019fdd00000) (1024K)]
  0x000001d41223a1e0 JavaThread "C1 CompilerThread2"         daemon [_thread_blocked, id=11704, stack(0x00000019fde00000,0x00000019fdf00000) (1024K)]
  0x000001d41235def0 JavaThread "Monitor Ctrl-Break"         daemon [_thread_in_native, id=9824, stack(0x00000019fdd00000,0x00000019fde00000) (1024K)]
  0x000001d41235e550 JavaThread "Notification Thread"        daemon [_thread_blocked, id=17384, stack(0x00000019fdf00000,0x00000019fe000000) (1024K)]
  0x000001d412554500 JavaThread "RMI TCP Accept-0"           daemon [_thread_in_native, id=11104, stack(0x00000019fe000000,0x00000019fe100000) (1024K)]
  0x000001d412518be0 JavaThread "RMI TCP Connection(1)-192.168.137.1" daemon [_thread_in_native, id=11852, stack(0x00000019fe400000,0x00000019fe500000) (1024K)]
  0x000001d4125ab2b0 JavaThread "RMI Scheduler(0)"           daemon [_thread_blocked, id=12412, stack(0x00000019fe500000,0x00000019fe600000) (1024K)]
  0x000001d4125abbd0 JavaThread "JMX server connection timeout 28" daemon [_thread_blocked, id=460, stack(0x00000019fe600000,0x00000019fe700000) (1024K)]
  0x000001d4129657c0 JavaThread "Thread-0"                          [_thread_blocked, id=2488, stack(0x00000019fe700000,0x00000019fe800000) (1024K)]
=>0x000001d412974de0 JavaThread "restartedMain"                     [_thread_in_vm, id=17256, stack(0x00000019fe800000,0x00000019fe900000) (1024K)]
  0x000001d412f915d0 JavaThread "RMI TCP Connection(2)-192.168.137.1" daemon [_thread_in_native, id=2208, stack(0x00000019fe900000,0x00000019fea00000) (1024K)]
  0x000001d412f943c0 JavaThread "Catalina-utility-1"                [_thread_blocked, id=22204, stack(0x00000019fea00000,0x00000019feb00000) (1024K)]
  0x000001d412f93010 JavaThread "Catalina-utility-2"                [_thread_blocked, id=6164, stack(0x00000019feb00000,0x00000019fec00000) (1024K)]
  0x000001d412f94a50 JavaThread "container-0"                       [_thread_blocked, id=6684, stack(0x00000019fec00000,0x00000019fed00000) (1024K)]
  0x000001d412f93d30 JavaThread "http-nio-8081-exec-1"       daemon [_thread_blocked, id=12764, stack(0x00000019fee00000,0x00000019fef00000) (1024K)]
Total: 24

Other Threads:
  0x000001d3ccac5870 VMThread "VM Thread"                           [id=20632, stack(0x00000019fd300000,0x00000019fd400000) (1024K)]
  0x000001d3ccab2760 WatcherThread "VM Periodic Task Thread"        [id=4824, stack(0x00000019fd200000,0x00000019fd300000) (1024K)]
  0x000001d3bcb5a6a0 WorkerThread "GC Thread#0"                     [id=20776, stack(0x00000019fcd00000,0x00000019fce00000) (1024K)]
  0x000001d412559c60 WorkerThread "GC Thread#1"                     [id=20232, stack(0x00000019fe200000,0x00000019fe300000) (1024K)]
  0x000001d41256cae0 WorkerThread "GC Thread#2"                     [id=7644, stack(0x00000019fe300000,0x00000019fe400000) (1024K)]
  0x000001d4125789a0 WorkerThread "GC Thread#3"                     [id=9788, stack(0x00000019fe100000,0x00000019fe200000) (1024K)]
  0x000001d3bcb6b300 ConcurrentGCThread "G1 Main Marker"            [id=20008, stack(0x00000019fce00000,0x00000019fcf00000) (1024K)]
  0x000001d3bcb6c3b0 WorkerThread "G1 Conc#0"                       [id=8536, stack(0x00000019fcf00000,0x00000019fd000000) (1024K)]
  0x000001d3cc9750d0 ConcurrentGCThread "G1 Refine#0"               [id=13808, stack(0x00000019fd000000,0x00000019fd100000) (1024K)]
  0x000001d3cc975660 ConcurrentGCThread "G1 Service"                [id=18352, stack(0x00000019fd100000,0x00000019fd200000) (1024K)]
Total: 10

Threads with active compile tasks:
Total: 0

VM state: not at safepoint (normal execution)

VM Mutex/Monitor currently owned by a thread:  ([mutex/lock_event])
[0x00007ff8d478be18] Metaspace_lock - owner thread: 0x000001d412974de0

OutOfMemory and StackOverflow Exception counts:
OutOfMemoryError java_heap_errors=1
LinkageErrors=115

Heap address: 0x0000000081e00000, size: 2018 MB, Compressed Oops mode: 32-bit

CDS archive(s) mapped at: [0x000001d3cd000000-0x000001d3cdc90000-0x000001d3cdc90000), size 13172736, SharedBaseAddress: 0x000001d3cd000000, ArchiveRelocationMode: 1.
Compressed class space mapped at: 0x000001d3ce000000-0x000001d40e000000, reserved size: 1073741824
Narrow klass base: 0x000001d3cd000000, Narrow klass shift: 0, Narrow klass range: 0x100000000

GC Precious Log:
 CardTable entry size: 512
 Card Set container configuration: InlinePtr #cards 5 size 8 Array Of Cards #cards 12 size 40 Howl #buckets 4 coarsen threshold 1843 Howl Bitmap #cards 512 size 80 coarsen threshold 460 Card regions per heap region 1 cards per card region 2048
 CPUs: 4 total, 4 available
 Memory: 8071M
 Large Page Support: Disabled
 NUMA Support: Disabled
 Compressed Oops: Enabled (32-bit)
 Heap Region Size: 1M
 Heap Min Capacity: 8M
 Heap Initial Capacity: 128M
 Heap Max Capacity: 2018M
 Pre-touch: Disabled
 Parallel Workers: 4
 Concurrent Workers: 1
 Concurrent Refinement Workers: 4
 Periodic GC: Disabled

Heap:
 garbage-first heap   total 45056K, used 27002K [0x0000000081e00000, 0x0000000100000000)
  region size 1024K, 15 young (15360K), 3 survivors (3072K)
 Metaspace       used 29418K, committed 30016K, reserved 1114112K
  class space    used 4006K, committed 4288K, reserved 1048576K

Heap Regions: E=young(eden), S=young(survivor), O=old, HS=humongous(starts), HC=humongous(continues), CS=collection set, F=free, TAMS=top-at-mark-start, PB=parsable bottom
|   0|0x0000000081e00000, 0x0000000081f00000, 0x0000000081f00000|100%| O|  |TAMS 0x0000000081e00000| PB 0x0000000081e00000| Untracked 
|   1|0x0000000081f00000, 0x0000000082000000, 0x0000000082000000|100%| O|  |TAMS 0x0000000081f00000| PB 0x0000000081f00000| Untracked 
|   2|0x0000000082000000, 0x0000000082100000, 0x0000000082100000|100%| O|  |TAMS 0x0000000082000000| PB 0x0000000082000000| Untracked 
|   3|0x0000000082100000, 0x0000000082200000, 0x0000000082200000|100%| O|  |TAMS 0x0000000082100000| PB 0x0000000082100000| Untracked 
|   4|0x0000000082200000, 0x0000000082200000, 0x0000000082300000|  0%| F|  |TAMS 0x0000000082200000| PB 0x0000000082200000| Untracked 
|   5|0x0000000082300000, 0x0000000082400000, 0x0000000082400000|100%| O|  |TAMS 0x0000000082300000| PB 0x0000000082300000| Untracked 
|   6|0x0000000082400000, 0x0000000082500000, 0x0000000082500000|100%| O|  |TAMS 0x0000000082400000| PB 0x0000000082400000| Untracked 
|   7|0x0000000082500000, 0x0000000082600000, 0x0000000082600000|100%| O|  |TAMS 0x0000000082500000| PB 0x0000000082500000| Untracked 
|   8|0x0000000082600000, 0x0000000082700000, 0x0000000082700000|100%| O|  |TAMS 0x0000000082600000| PB 0x0000000082600000| Untracked 
|   9|0x0000000082700000, 0x0000000082800000, 0x0000000082800000|100%| O|  |TAMS 0x0000000082700000| PB 0x0000000082700000| Untracked 
|  10|0x0000000082800000, 0x0000000082900000, 0x0000000082900000|100%| O|  |TAMS 0x0000000082800000| PB 0x0000000082800000| Untracked 
|  11|0x0000000082900000, 0x0000000082a00000, 0x0000000082a00000|100%| O|  |TAMS 0x0000000082900000| PB 0x0000000082900000| Untracked 
|  12|0x0000000082a00000, 0x0000000082b00000, 0x0000000082b00000|100%| O|  |TAMS 0x0000000082a00000| PB 0x0000000082a00000| Untracked 
|  13|0x0000000082b00000, 0x0000000082c00000, 0x0000000082c00000|100%| O|  |TAMS 0x0000000082b00000| PB 0x0000000082b00000| Untracked 
|  14|0x0000000082c00000, 0x0000000082c00000, 0x0000000082d00000|  0%| F|  |TAMS 0x0000000082c00000| PB 0x0000000082c00000| Untracked 
|  15|0x0000000082d00000, 0x0000000082d00000, 0x0000000082e00000|  0%| F|  |TAMS 0x0000000082d00000| PB 0x0000000082d00000| Untracked 
|  16|0x0000000082e00000, 0x0000000082e00000, 0x0000000082f00000|  0%| F|  |TAMS 0x0000000082e00000| PB 0x0000000082e00000| Untracked 
|  17|0x0000000082f00000, 0x0000000082f00000, 0x0000000083000000|  0%| F|  |TAMS 0x0000000082f00000| PB 0x0000000082f00000| Untracked 
|  18|0x0000000083000000, 0x0000000083000000, 0x0000000083100000|  0%| F|  |TAMS 0x0000000083000000| PB 0x0000000083000000| Untracked 
|  19|0x0000000083100000, 0x0000000083100000, 0x0000000083200000|  0%| F|  |TAMS 0x0000000083100000| PB 0x0000000083100000| Untracked 
|  20|0x0000000083200000, 0x0000000083200000, 0x0000000083300000|  0%| F|  |TAMS 0x0000000083200000| PB 0x0000000083200000| Untracked 
|  21|0x0000000083300000, 0x000000008335ea58, 0x0000000083400000| 36%| S|CS|TAMS 0x0000000083300000| PB 0x0000000083300000| Complete 
|  22|0x0000000083400000, 0x0000000083500000, 0x0000000083500000|100%| S|CS|TAMS 0x0000000083400000| PB 0x0000000083400000| Complete 
|  23|0x0000000083500000, 0x0000000083600000, 0x0000000083600000|100%| S|CS|TAMS 0x0000000083500000| PB 0x0000000083500000| Complete 
|  24|0x0000000083600000, 0x0000000083600000, 0x0000000083700000|  0%| F|  |TAMS 0x0000000083600000| PB 0x0000000083600000| Untracked 
|  25|0x0000000083700000, 0x0000000083700000, 0x0000000083800000|  0%| F|  |TAMS 0x0000000083700000| PB 0x0000000083700000| Untracked 
|  26|0x0000000083800000, 0x0000000083800000, 0x0000000083900000|  0%| F|  |TAMS 0x0000000083800000| PB 0x0000000083800000| Untracked 
|  27|0x0000000083900000, 0x0000000083900000, 0x0000000083a00000|  0%| F|  |TAMS 0x0000000083900000| PB 0x0000000083900000| Untracked 
|  28|0x0000000083a00000, 0x0000000083a00000, 0x0000000083b00000|  0%| F|  |TAMS 0x0000000083a00000| PB 0x0000000083a00000| Untracked 
|  29|0x0000000083b00000, 0x0000000083b00000, 0x0000000083c00000|  0%| F|  |TAMS 0x0000000083b00000| PB 0x0000000083b00000| Untracked 
|  30|0x0000000083c00000, 0x0000000083c00000, 0x0000000083d00000|  0%| F|  |TAMS 0x0000000083c00000| PB 0x0000000083c00000| Untracked 
|  31|0x0000000083d00000, 0x0000000083d00000, 0x0000000083e00000|  0%| F|  |TAMS 0x0000000083d00000| PB 0x0000000083d00000| Untracked 
|  32|0x0000000083e00000, 0x0000000083e48db8, 0x0000000083f00000| 28%| E|  |TAMS 0x0000000083e00000| PB 0x0000000083e00000| Complete 
|  33|0x0000000083f00000, 0x0000000084000000, 0x0000000084000000|100%| E|CS|TAMS 0x0000000083f00000| PB 0x0000000083f00000| Complete 
|  34|0x0000000084000000, 0x0000000084100000, 0x0000000084100000|100%| E|CS|TAMS 0x0000000084000000| PB 0x0000000084000000| Complete 
|  35|0x0000000084100000, 0x0000000084200000, 0x0000000084200000|100%| E|CS|TAMS 0x0000000084100000| PB 0x0000000084100000| Complete 
|  54|0x0000000085400000, 0x0000000085500000, 0x0000000085500000|100%| E|CS|TAMS 0x0000000085400000| PB 0x0000000085400000| Complete 
|  55|0x0000000085500000, 0x0000000085600000, 0x0000000085600000|100%| E|CS|TAMS 0x0000000085500000| PB 0x0000000085500000| Complete 
|  56|0x0000000085600000, 0x0000000085700000, 0x0000000085700000|100%| E|CS|TAMS 0x0000000085600000| PB 0x0000000085600000| Complete 
|  57|0x0000000085700000, 0x0000000085800000, 0x0000000085800000|100%| E|CS|TAMS 0x0000000085700000| PB 0x0000000085700000| Complete 
|  58|0x0000000085800000, 0x0000000085900000, 0x0000000085900000|100%| E|CS|TAMS 0x0000000085800000| PB 0x0000000085800000| Complete 
|  59|0x0000000085900000, 0x0000000085a00000, 0x0000000085a00000|100%| E|CS|TAMS 0x0000000085900000| PB 0x0000000085900000| Complete 
| 126|0x0000000089c00000, 0x0000000089d00000, 0x0000000089d00000|100%| E|CS|TAMS 0x0000000089c00000| PB 0x0000000089c00000| Complete 
| 127|0x0000000089d00000, 0x0000000089e00000, 0x0000000089e00000|100%| E|CS|TAMS 0x0000000089d00000| PB 0x0000000089d00000| Complete 

Card table byte_map: [0x000001d3c8390000,0x000001d3c8790000] _byte_map_base: 0x000001d3c7f81000

Marking Bits: (CMBitMap*) 0x000001d3bcb5abb0
 Bits: [0x000001d3c8790000, 0x000001d3ca718000)

Polling page: 0x000001d3baa00000

Metaspace:

Usage:
  Non-class:     24.82 MB used.
      Class:      3.91 MB used.
       Both:     28.73 MB used.

Virtual space:
  Non-class space:       64.00 MB reserved,      25.12 MB ( 39%) committed,  1 nodes.
      Class space:        1.00 GB reserved,       4.19 MB ( <1%) committed,  1 nodes.
             Both:        1.06 GB reserved,      29.31 MB (  3%) committed. 

Chunk freelists:
   Non-Class:  6.07 MB
       Class:  11.84 MB
        Both:  17.92 MB

MaxMetaspaceSize: unlimited
CompressedClassSpaceSize: 1.00 GB
Initial GC threshold: 21.00 MB
Current GC threshold: 35.12 MB
CDS: on
 - commit_granule_bytes: 65536.
 - commit_granule_words: 8192.
 - virtual_space_node_default_size: 8388608.
 - enlarge_chunks_in_place: 1.
 - use_allocation_guard: 0.


Internal statistics:

num_allocs_failed_limit: 3.
num_arena_births: 854.
num_arena_deaths: 0.
num_vsnodes_births: 2.
num_vsnodes_deaths: 0.
num_space_committed: 469.
num_space_uncommitted: 0.
num_chunks_returned_to_freelist: 3.
num_chunks_taken_from_freelist: 1937.
num_chunk_merges: 3.
num_chunk_splits: 1282.
num_chunks_enlarged: 839.
num_inconsistent_stats: 0.

CodeCache: size=49152Kb used=8785Kb max_used=8785Kb free=40366Kb
 bounds [0x000001d3c4f90000, 0x000001d3c5830000, 0x000001d3c7f90000]
 total_blobs=4685 nmethods=4139 adapters=468
 compilation: enabled
              stopped_count=0, restarted_count=0
 full_count=0

Compilation events (20 events):
Event: 8.872 Thread 0x000001d3ccaee890 4130       1       java.io.ObjectStreamClass$FieldReflectorKey::hashCode (5 bytes)
Event: 8.872 Thread 0x000001d3ccaee890 nmethod 4130 0x000001d3c5820e10 code [0x000001d3c5820fa0, 0x000001d3c5821068]
Event: 8.872 Thread 0x000001d41223a1e0 4131       1       java.io.ObjectInputStream$PeekInputStream::getBytesRead (5 bytes)
Event: 8.872 Thread 0x000001d3ccaee890 4132       1       jdk.internal.event.DeserializationEvent::shouldCommit (2 bytes)
Event: 8.872 Thread 0x000001d41223a1e0 nmethod 4131 0x000001d3c5821110 code [0x000001d3c58212a0, 0x000001d3c5821368]
Event: 8.872 Thread 0x000001d3ccaee890 nmethod 4132 0x000001d3c5821410 code [0x000001d3c58215a0, 0x000001d3c5821668]
Event: 8.875 Thread 0x000001d3ccaee890 4133       1       javax.management.ObjectName::getDomainLength (9 bytes)
Event: 8.875 Thread 0x000001d3ccaee890 nmethod 4133 0x000001d3c5821710 code [0x000001d3c58218a0, 0x000001d3c5821970]
Event: 8.876 Thread 0x000001d41209fe80 4134       1       java.lang.Class::getDeclaredMethod (63 bytes)
Event: 8.877 Thread 0x000001d41209fe80 nmethod 4134 0x000001d3c5821a10 code [0x000001d3c5821c40, 0x000001d3c58220b8]
Event: 8.908 Thread 0x000001d41209fe80 4135       1       java.lang.Long::stringSize (55 bytes)
Event: 8.908 Thread 0x000001d41223a1e0 4136       1       java.lang.Long::getChars (195 bytes)
Event: 8.908 Thread 0x000001d41209fe80 nmethod 4135 0x000001d3c5822390 code [0x000001d3c5822520, 0x000001d3c5822678]
Event: 8.909 Thread 0x000001d3ccaee890 4137   !   1       java.util.concurrent.ConcurrentHashMap::clear (176 bytes)
Event: 8.909 Thread 0x000001d41223a1e0 nmethod 4136 0x000001d3c5822710 code [0x000001d3c58228e0, 0x000001d3c5822cf8]
Event: 8.910 Thread 0x000001d3ccaee890 nmethod 4137 0x000001d3c5823010 code [0x000001d3c5823200, 0x000001d3c5823840]
Event: 8.911 Thread 0x000001d41223a1e0 4138       1       java.util.LinkedHashMap::afterNodeRemoval (65 bytes)
Event: 8.911 Thread 0x000001d41223a1e0 nmethod 4138 0x000001d3c5823c10 code [0x000001d3c5823dc0, 0x000001d3c58240f0]
Event: 8.916 Thread 0x000001d41223a1e0 4139       1       java.util.EventObject::<init> (24 bytes)
Event: 8.916 Thread 0x000001d41223a1e0 nmethod 4139 0x000001d3c5824210 code [0x000001d3c58243c0, 0x000001d3c5824588]

GC Heap History (10 events):
Event: 1.669 GC heap before
{Heap before GC invocations=0 (full 0):
 garbage-first heap   total 131072K, used 12288K [0x0000000081e00000, 0x0000000100000000)
  region size 1024K, 13 young (13312K), 0 survivors (0K)
 Metaspace       used 5230K, committed 5440K, reserved 1114112K
  class space    used 601K, committed 704K, reserved 1048576K
}
Event: 1.688 GC heap after
{Heap after GC invocations=1 (full 0):
 garbage-first heap   total 131072K, used 4607K [0x0000000081e00000, 0x0000000100000000)
  region size 1024K, 2 young (2048K), 2 survivors (2048K)
 Metaspace       used 5230K, committed 5440K, reserved 1114112K
  class space    used 601K, committed 704K, reserved 1048576K
}
Event: 3.806 GC heap before
{Heap before GC invocations=1 (full 0):
 garbage-first heap   total 131072K, used 18943K [0x0000000081e00000, 0x0000000100000000)
  region size 1024K, 16 young (16384K), 2 survivors (2048K)
 Metaspace       used 8786K, committed 9088K, reserved 1114112K
  class space    used 1089K, committed 1216K, reserved 1048576K
}
Event: 3.811 GC heap after
{Heap after GC invocations=2 (full 0):
 garbage-first heap   total 131072K, used 6091K [0x0000000081e00000, 0x0000000100000000)
  region size 1024K, 2 young (2048K), 2 survivors (2048K)
 Metaspace       used 8786K, committed 9088K, reserved 1114112K
  class space    used 1089K, committed 1216K, reserved 1048576K
}
Event: 6.447 GC heap before
{Heap before GC invocations=2 (full 0):
 garbage-first heap   total 131072K, used 71627K [0x0000000081e00000, 0x0000000100000000)
  region size 1024K, 68 young (69632K), 2 survivors (2048K)
 Metaspace       used 20998K, committed 21504K, reserved 1114112K
  class space    used 2820K, committed 3072K, reserved 1048576K
}
Event: 6.459 GC heap after
{Heap after GC invocations=3 (full 0):
 garbage-first heap   total 131072K, used 11125K [0x0000000081e00000, 0x0000000100000000)
  region size 1024K, 6 young (6144K), 6 survivors (6144K)
 Metaspace       used 20998K, committed 21504K, reserved 1114112K
  class space    used 2820K, committed 3072K, reserved 1048576K
}
Event: 7.404 GC heap before
{Heap before GC invocations=4 (full 0):
 garbage-first heap   total 45056K, used 30581K [0x0000000081e00000, 0x0000000100000000)
  region size 1024K, 26 young (26624K), 6 survivors (6144K)
 Metaspace       used 23897K, committed 24448K, reserved 1114112K
  class space    used 3287K, committed 3520K, reserved 1048576K
}
Event: 7.419 GC heap after
{Heap after GC invocations=5 (full 0):
 garbage-first heap   total 45056K, used 13407K [0x0000000081e00000, 0x0000000100000000)
  region size 1024K, 3 young (3072K), 3 survivors (3072K)
 Metaspace       used 23897K, committed 24448K, reserved 1114112K
  class space    used 3287K, committed 3520K, reserved 1048576K
}
Event: 8.321 GC heap before
{Heap before GC invocations=5 (full 0):
 garbage-first heap   total 45056K, used 33887K [0x0000000081e00000, 0x0000000100000000)
  region size 1024K, 23 young (23552K), 3 survivors (3072K)
 Metaspace       used 27528K, committed 28224K, reserved 1114112K
  class space    used 3727K, committed 4032K, reserved 1048576K
}
Event: 8.328 GC heap after
{Heap after GC invocations=6 (full 0):
 garbage-first heap   total 45056K, used 15738K [0x0000000081e00000, 0x0000000100000000)
  region size 1024K, 3 young (3072K), 3 survivors (3072K)
 Metaspace       used 27528K, committed 28224K, reserved 1114112K
  class space    used 3727K, committed 4032K, reserved 1048576K
}

Dll operation events (11 events):
Event: 0.076 Loaded shared library C:\Program Files\Java\jdk-21\bin\java.dll
Event: 0.473 Loaded shared library C:\Program Files\Java\jdk-21\bin\zip.dll
Event: 0.483 Loaded shared library C:\Program Files\Java\jdk-21\bin\instrument.dll
Event: 0.645 Loaded shared library C:\Program Files\Java\jdk-21\bin\net.dll
Event: 0.649 Loaded shared library C:\Program Files\Java\jdk-21\bin\nio.dll
Event: 0.663 Loaded shared library C:\Program Files\Java\jdk-21\bin\zip.dll
Event: 0.842 Loaded shared library C:\Program Files\Java\jdk-21\bin\jimage.dll
Event: 1.067 Loaded shared library C:\Program Files\Java\jdk-21\bin\management.dll
Event: 1.093 Loaded shared library C:\Program Files\Java\jdk-21\bin\management_ext.dll
Event: 1.125 Loaded shared library C:\Program Files\Java\jdk-21\bin\extnet.dll
Event: 5.592 Loaded shared library C:\Program Files\Java\jdk-21\bin\sunmscapi.dll

Deoptimization events (0 events):
No events

Classes loaded (20 events):
Event: 8.887 Loading class sun/nio/ch/ServerSocketAdaptor done
Event: 8.888 Loading class sun/nio/ch/DummySocketImpl
Event: 8.889 Loading class sun/nio/ch/DummySocketImpl done
Event: 8.898 Loading class java/lang/IllegalThreadStateException
Event: 8.898 Loading class java/lang/IllegalThreadStateException done
Event: 8.927 Loading class java/beans/ThreadGroupContext
Event: 8.927 Loading class java/beans/ThreadGroupContext done
Event: 8.927 Loading class java/beans/ThreadGroupContext$1
Event: 8.927 Loading class java/beans/WeakIdentityMap
Event: 8.927 Loading class java/beans/WeakIdentityMap done
Event: 8.927 Loading class java/beans/ThreadGroupContext$1 done
Event: 8.927 Loading class java/beans/WeakIdentityMap$Entry
Event: 8.927 Loading class java/beans/WeakIdentityMap$Entry done
Event: 8.927 Loading class com/sun/beans/introspect/ClassInfo
Event: 8.928 Loading class com/sun/beans/introspect/ClassInfo done
Event: 8.928 Loading class com/sun/beans/introspect/ClassInfo$1
Event: 8.928 Loading class com/sun/beans/util/Cache
Event: 8.928 Loading class com/sun/beans/util/Cache done
Event: 8.928 Loading class com/sun/beans/introspect/ClassInfo$1 done
Event: 8.928 Loading class com/sun/beans/util/Cache$Kind

Classes unloaded (0 events):
No events

Classes redefined (0 events):
No events

Internal exceptions (20 events):
Event: 7.313 Thread 0x000001d412974de0 Exception <a 'java/lang/NoSuchMethodError'{0x000000008312d2e8}: 'java.lang.Object java.lang.invoke.Invokers$Holder.linkToTargetMethod(java.lang.Object, java.lang.Object, int, java.lang.Object)'> (0x000000008312d2e8) 
thrown [s\open\src\hotspot\share\interpreter\linkResolver.cpp, line 773]
Event: 7.711 Thread 0x000001d412974de0 Exception <a 'sun/nio/fs/WindowsException'{0x000000008542b2a0}> (0x000000008542b2a0) 
thrown [s\open\src\hotspot\share\prims\jni.cpp, line 520]
Event: 7.712 Thread 0x000001d412974de0 Exception <a 'sun/nio/fs/WindowsException'{0x000000008542b9f0}> (0x000000008542b9f0) 
thrown [s\open\src\hotspot\share\prims\jni.cpp, line 520]
Event: 7.720 Thread 0x000001d412974de0 Exception <a 'java/lang/NoSuchMethodError'{0x0000000085457660}: 'int java.lang.invoke.DirectMethodHandle$Holder.invokeVirtual(java.lang.Object, java.lang.Object, java.lang.Object, java.lang.Object)'> (0x0000000085457660) 
thrown [s\open\src\hotspot\share\interpreter\linkResolver.cpp, line 773]
Event: 7.720 Thread 0x000001d412974de0 Exception <a 'java/lang/NoSuchMethodError'{0x000000008545aef0}: 'int java.lang.invoke.DelegatingMethodHandle$Holder.reinvoke_L(java.lang.Object, java.lang.Object, java.lang.Object, java.lang.Object)'> (0x000000008545aef0) 
thrown [s\open\src\hotspot\share\interpreter\linkResolver.cpp, line 773]
Event: 7.764 Thread 0x000001d412974de0 Exception <a 'java/io/FileNotFoundException'{0x000000008415c6f0}> (0x000000008415c6f0) 
thrown [s\open\src\hotspot\share\prims\jni.cpp, line 520]
Event: 7.840 Thread 0x000001d412974de0 Exception <a 'java/lang/NoSuchMethodError'{0x0000000083f0c880}: 'int java.lang.invoke.DirectMethodHandle$Holder.invokeInterface(java.lang.Object, java.lang.Object, java.lang.Object, java.lang.Object)'> (0x0000000083f0c880) 
thrown [s\open\src\hotspot\share\interpreter\linkResolver.cpp, line 773]
Event: 7.936 Thread 0x000001d412974de0 Exception <a 'java/io/FileNotFoundException'{0x0000000083d0a3f8}> (0x0000000083d0a3f8) 
thrown [s\open\src\hotspot\share\prims\jni.cpp, line 520]
Event: 8.001 Thread 0x000001d412974de0 Exception <a 'java/lang/NoSuchMethodError'{0x0000000083c22908}: 'void java.lang.invoke.DirectMethodHandle$Holder.invokeVirtual(java.lang.Object, java.lang.Object, long)'> (0x0000000083c22908) 
thrown [s\open\src\hotspot\share\interpreter\linkResolver.cpp, line 773]
Event: 8.027 Thread 0x000001d412974de0 Exception <a 'java/lang/NoSuchMethodError'{0x0000000083cb3e00}: 'void java.lang.invoke.Invokers$Holder.invokeExact_MT(java.lang.Object, java.lang.Object, java.lang.Object, java.lang.Object)'> (0x0000000083cb3e00) 
thrown [s\open\src\hotspot\share\interpreter\linkResolver.cpp, line 773]
Event: 8.116 Thread 0x000001d412974de0 Exception <a 'java/lang/NoSuchMethodError'{0x0000000083a8e138}: 'java.lang.Object java.lang.invoke.DirectMethodHandle$Holder.newInvokeSpecial(java.lang.Object, java.lang.Object, java.lang.Object, java.lang.Object, java.lang.Object, java.lang.Object, java.lang.Object, java.lang.Object)'> (0x0000000083a8e138) 
thrown [s\open\src\hotspot\share\interpreter\linkResolver.cpp, line 773]
Event: 8.353 Thread 0x000001d412974de0 Exception <a 'java/lang/NoSuchMethodError'{0x0000000089d821e8}: 'java.lang.Object java.lang.invoke.DirectMethodHandle$Holder.invokeSpecial(java.lang.Object, java.lang.Object, int, java.lang.Object, java.lang.Object)'> (0x0000000089d821e8) 
thrown [s\open\src\hotspot\share\interpreter\linkResolver.cpp, line 773]
Event: 8.354 Thread 0x000001d412974de0 Exception <a 'java/lang/NoSuchMethodError'{0x0000000089d85ed8}: 'java.lang.Object java.lang.invoke.DelegatingMethodHandle$Holder.delegate(java.lang.Object, int, java.lang.Object, java.lang.Object)'> (0x0000000089d85ed8) 
thrown [s\open\src\hotspot\share\interpreter\linkResolver.cpp, line 773]
Event: 8.359 Thread 0x000001d412974de0 Exception <a 'java/lang/NoSuchMethodError'{0x0000000089d95830}: 'int java.lang.invoke.Invokers$Holder.linkToTargetMethod(java.lang.Object, java.lang.Object, java.lang.Object)'> (0x0000000089d95830) 
thrown [s\open\src\hotspot\share\interpreter\linkResolver.cpp, line 773]
Event: 8.451 Thread 0x000001d412974de0 Exception <a 'java/lang/IncompatibleClassChangeError'{0x00000000859bc930}: Found class java.lang.Object, but interface was expected> (0x00000000859bc930) 
thrown [s\open\src\hotspot\share\interpreter\linkResolver.cpp, line 840]
Event: 8.582 Thread 0x000001d412974de0 Exception <a 'java/lang/NoSuchMethodError'{0x0000000085529c40}: 'int java.lang.invoke.DirectMethodHandle$Holder.invokeStaticInit(java.lang.Object, java.lang.Object, java.lang.Object, java.lang.Object)'> (0x0000000085529c40) 
thrown [s\open\src\hotspot\share\interpreter\linkResolver.cpp, line 773]
Event: 8.804 Thread 0x000001d412974de0 Exception <a 'java/net/BindException'{0x00000000840c7fc8}: Address already in use: bind> (0x00000000840c7fc8) 
thrown [s\open\src\hotspot\share\prims\jni.cpp, line 539]
Event: 8.847 Thread 0x000001d412974de0 Exception <a 'java/lang/NoSuchMethodError'{0x0000000083f78e38}: 'java.lang.Object java.lang.invoke.DirectMethodHandle$Holder.newInvokeSpecial(java.lang.Object, java.lang.Object, int, java.lang.Object, java.lang.Object)'> (0x0000000083f78e38) 
thrown [s\open\src\hotspot\share\interpreter\linkResolver.cpp, line 773]
Event: 8.904 Thread 0x000001d412974de0 Exception <a 'java/lang/OutOfMemoryError'{0x0000000083fb84b8}: unable to create native thread: possibly out of memory or process/resource limits reached> (0x0000000083fb84b8) 
thrown [s\open\src\hotspot\share\prims\jvm.cpp, line 3013]
Event: 8.909 Thread 0x000001d412f936a0 Exception <a 'java/lang/InterruptedException'{0x0000000083e00040}: sleep interrupted> (0x0000000083e00040) 
thrown [s\open\src\hotspot\share\prims\jvm.cpp, line 3074]

ZGC Phase Switch (0 events):
No events

VM Operations (20 events):
Event: 7.431 Executing VM operation: HandshakeAllThreads (Deoptimize)
Event: 7.431 Executing VM operation: HandshakeAllThreads (Deoptimize) done
Event: 7.798 Executing VM operation: HandshakeAllThreads (Deoptimize)
Event: 7.798 Executing VM operation: HandshakeAllThreads (Deoptimize) done
Event: 7.873 Executing VM operation: HandshakeAllThreads (Deoptimize)
Event: 7.874 Executing VM operation: HandshakeAllThreads (Deoptimize) done
Event: 7.943 Executing VM operation: HandshakeAllThreads (Deoptimize)
Event: 7.943 Executing VM operation: HandshakeAllThreads (Deoptimize) done
Event: 8.198 Executing VM operation: HandshakeAllThreads (Deoptimize)
Event: 8.198 Executing VM operation: HandshakeAllThreads (Deoptimize) done
Event: 8.222 Executing VM operation: HandshakeAllThreads (Deoptimize)
Event: 8.222 Executing VM operation: HandshakeAllThreads (Deoptimize) done
Event: 8.309 Executing VM operation: HandshakeAllThreads (Deoptimize)
Event: 8.309 Executing VM operation: HandshakeAllThreads (Deoptimize) done
Event: 8.321 Executing VM operation: G1CollectForAllocation (G1 Evacuation Pause)
Event: 8.328 Executing VM operation: G1CollectForAllocation (G1 Evacuation Pause) done
Event: 8.466 Executing VM operation: HandshakeAllThreads (Deoptimize)
Event: 8.466 Executing VM operation: HandshakeAllThreads (Deoptimize) done
Event: 8.535 Executing VM operation: HandshakeAllThreads (Deoptimize)
Event: 8.535 Executing VM operation: HandshakeAllThreads (Deoptimize) done

Events (20 events):
Event: 5.806 Thread 0x000001d412f91c60 Thread added: 0x000001d412f91c60
Event: 5.814 Thread 0x000001d412f91c60 Thread exited: 0x000001d412f91c60
Event: 6.317 Thread 0x000001d412f93d30 Thread added: 0x000001d412f93d30
Event: 6.323 Thread 0x000001d412f93d30 Thread exited: 0x000001d412f93d30
Event: 6.826 Thread 0x000001d412f93d30 Thread added: 0x000001d412f93d30
Event: 6.840 Thread 0x000001d412f93d30 Thread exited: 0x000001d412f93d30
Event: 7.337 Thread 0x000001d412f94a50 Thread added: 0x000001d412f94a50
Event: 7.346 Thread 0x000001d412f94a50 Thread exited: 0x000001d412f94a50
Event: 7.848 Thread 0x000001d412f936a0 Thread added: 0x000001d412f936a0
Event: 7.855 Thread 0x000001d412f936a0 Thread exited: 0x000001d412f936a0
Event: 7.954 Thread 0x000001d412f943c0 Thread added: 0x000001d412f943c0
Event: 7.959 Thread 0x000001d412f93010 Thread added: 0x000001d412f93010
Event: 7.972 Thread 0x000001d412f94a50 Thread added: 0x000001d412f94a50
Event: 8.356 Thread 0x000001d412f936a0 Thread added: 0x000001d412f936a0
Event: 8.366 Thread 0x000001d412f936a0 Thread exited: 0x000001d412f936a0
Event: 8.795 Thread 0x000001d412f936a0 Thread added: 0x000001d412f936a0
Event: 8.868 Thread 0x000001d412f93d30 Thread added: 0x000001d412f93d30
Event: 8.899 Thread 0x000001d412f93d30 Thread exited: 0x000001d412f93d30
Event: 8.902 Thread 0x000001d412f93d30 Thread added: 0x000001d412f93d30
Event: 8.909 Thread 0x000001d412f936a0 Thread exited: 0x000001d412f936a0


Dynamic libraries:
0x00007ff766ac0000 - 0x00007ff766ad0000 	C:\Program Files\Java\jdk-21\bin\java.exe
0x00007ff93d750000 - 0x00007ff93d948000 	C:\Windows\SYSTEM32\ntdll.dll
0x00007ff93c420000 - 0x00007ff93c4e2000 	C:\Windows\System32\KERNEL32.DLL
0x00007ff93b190000 - 0x00007ff93b486000 	C:\Windows\System32\KERNELBASE.dll
0x00007ff93b5f0000 - 0x00007ff93b6f0000 	C:\Windows\System32\ucrtbase.dll
0x00007ff9176b0000 - 0x00007ff9176cb000 	C:\Program Files\Java\jdk-21\bin\VCRUNTIME140.dll
0x00007ff915830000 - 0x00007ff915849000 	C:\Program Files\Java\jdk-21\bin\jli.dll
0x00007ff93cb60000 - 0x00007ff93cc11000 	C:\Windows\System32\ADVAPI32.dll
0x00007ff93cc20000 - 0x00007ff93ccbe000 	C:\Windows\System32\msvcrt.dll
0x00007ff93bc10000 - 0x00007ff93bcaf000 	C:\Windows\System32\sechost.dll
0x00007ff93ba60000 - 0x00007ff93bb83000 	C:\Windows\System32\RPCRT4.dll
0x00007ff93b520000 - 0x00007ff93b547000 	C:\Windows\System32\bcrypt.dll
0x00007ff93c850000 - 0x00007ff93c9ed000 	C:\Windows\System32\USER32.dll
0x00007ff93b6f0000 - 0x00007ff93b712000 	C:\Windows\System32\win32u.dll
0x00007ff93c9f0000 - 0x00007ff93ca1b000 	C:\Windows\System32\GDI32.dll
0x00007ff93b070000 - 0x00007ff93b189000 	C:\Windows\System32\gdi32full.dll
0x00007ff93b550000 - 0x00007ff93b5ed000 	C:\Windows\System32\msvcp_win.dll
0x00007ff91bc50000 - 0x00007ff91beea000 	C:\Windows\WinSxS\amd64_microsoft.windows.common-controls_6595b64144ccf1df_6.0.19041.5915_none_60b4b9d171f9c7c7\COMCTL32.dll
0x00007ff930a30000 - 0x00007ff930a3a000 	C:\Windows\SYSTEM32\VERSION.dll
0x00007ff93cd80000 - 0x00007ff93cdaf000 	C:\Windows\System32\IMM32.DLL
0x00007ff9158c0000 - 0x00007ff9158cc000 	C:\Program Files\Java\jdk-21\bin\vcruntime140_1.dll
0x00007ff8fa580000 - 0x00007ff8fa60e000 	C:\Program Files\Java\jdk-21\bin\msvcp140.dll
0x00007ff8d3b50000 - 0x00007ff8d486a000 	C:\Program Files\Java\jdk-21\bin\server\jvm.dll
0x00007ff93c6a0000 - 0x00007ff93c70b000 	C:\Windows\System32\WS2_32.dll
0x00007ff93ab20000 - 0x00007ff93ab6b000 	C:\Windows\SYSTEM32\POWRPROF.dll
0x00007ff91d130000 - 0x00007ff91d157000 	C:\Windows\SYSTEM32\WINMM.dll
0x00007ff93a950000 - 0x00007ff93a962000 	C:\Windows\SYSTEM32\UMPDC.dll
0x00007ff9395c0000 - 0x00007ff9395d2000 	C:\Windows\SYSTEM32\kernel.appcore.dll
0x00007ff915770000 - 0x00007ff91577a000 	C:\Program Files\Java\jdk-21\bin\jimage.dll
0x00007ff935ab0000 - 0x00007ff935cb1000 	C:\Windows\SYSTEM32\DBGHELP.DLL
0x00007ff930870000 - 0x00007ff9308a4000 	C:\Windows\SYSTEM32\dbgcore.DLL
0x00007ff93b490000 - 0x00007ff93b512000 	C:\Windows\System32\bcryptPrimitives.dll
0x00007ff91b5a0000 - 0x00007ff91b5af000 	C:\Program Files\Java\jdk-21\bin\instrument.dll
0x00007ff915330000 - 0x00007ff91534f000 	C:\Program Files\Java\jdk-21\bin\java.dll
0x00007ff93bcb0000 - 0x00007ff93c41e000 	C:\Windows\System32\SHELL32.dll
0x00007ff935cc0000 - 0x00007ff936464000 	C:\Windows\SYSTEM32\windows.storage.dll
0x00007ff93ced0000 - 0x00007ff93d223000 	C:\Windows\System32\combase.dll
0x00007ff93a6c0000 - 0x00007ff93a6eb000 	C:\Windows\SYSTEM32\Wldp.dll
0x00007ff93b990000 - 0x00007ff93ba5d000 	C:\Windows\System32\OLEAUT32.dll
0x00007ff93ccc0000 - 0x00007ff93cd6d000 	C:\Windows\System32\SHCORE.dll
0x00007ff93b770000 - 0x00007ff93b7cb000 	C:\Windows\System32\shlwapi.dll
0x00007ff93ad10000 - 0x00007ff93ad34000 	C:\Windows\SYSTEM32\profapi.dll
0x00007ff913cf0000 - 0x00007ff913d08000 	C:\Program Files\Java\jdk-21\bin\zip.dll
0x00007ff915760000 - 0x00007ff915770000 	C:\Program Files\Java\jdk-21\bin\net.dll
0x00007ff929710000 - 0x00007ff92981a000 	C:\Windows\SYSTEM32\WINHTTP.dll
0x00007ff93a440000 - 0x00007ff93a4aa000 	C:\Windows\system32\mswsock.dll
0x00007ff913d60000 - 0x00007ff913d76000 	C:\Program Files\Java\jdk-21\bin\nio.dll
0x00007ff93a180000 - 0x00007ff93a24a000 	C:\Windows\SYSTEM32\DNSAPI.dll
0x00007ff93a140000 - 0x00007ff93a17b000 	C:\Windows\SYSTEM32\IPHLPAPI.DLL
0x00007ff93d700000 - 0x00007ff93d708000 	C:\Windows\System32\NSI.dll
0x00007ff92d680000 - 0x00007ff92d68a000 	C:\Windows\System32\rasadhlp.dll
0x00007ff922690000 - 0x00007ff922710000 	C:\Windows\System32\fwpuclnt.dll
0x00007ff91b580000 - 0x00007ff91b58a000 	C:\Program Files\Java\jdk-21\bin\management.dll
0x00007ff91b570000 - 0x00007ff91b57b000 	C:\Program Files\Java\jdk-21\bin\management_ext.dll
0x00007ff93cd70000 - 0x00007ff93cd78000 	C:\Windows\System32\PSAPI.DLL
0x00007ff914170000 - 0x00007ff914179000 	C:\Program Files\Java\jdk-21\bin\extnet.dll
0x00007ff93a700000 - 0x00007ff93a718000 	C:\Windows\SYSTEM32\CRYPTSP.dll
0x00007ff939d80000 - 0x00007ff939db8000 	C:\Windows\system32\rsaenh.dll
0x00007ff93ac90000 - 0x00007ff93acbe000 	C:\Windows\SYSTEM32\USERENV.dll
0x00007ff93a5d0000 - 0x00007ff93a5dc000 	C:\Windows\SYSTEM32\CRYPTBASE.dll
0x00007ff918690000 - 0x00007ff9186a7000 	C:\Windows\system32\napinsp.dll
0x00007ff918650000 - 0x00007ff91866b000 	C:\Windows\system32\pnrpnsp.dll
0x00007ff933350000 - 0x00007ff93336d000 	C:\Windows\system32\wshbth.dll
0x00007ff9308b0000 - 0x00007ff9308cd000 	C:\Windows\system32\NLAapi.dll
0x00007ff918630000 - 0x00007ff918642000 	C:\Windows\System32\winrnr.dll
0x00007ff91b4f0000 - 0x00007ff91b541000 	C:\Windows\SYSTEM32\pdh.dll
0x00007ff9349f0000 - 0x00007ff9349ff000 	C:\Windows\System32\perfproc.dll
0x00007ff91c1b0000 - 0x00007ff91c1bf000 	C:\Windows\System32\perfos.dll
0x00007ff9154d0000 - 0x00007ff9154de000 	C:\Program Files\Java\jdk-21\bin\sunmscapi.dll
0x00007ff93af10000 - 0x00007ff93b06d000 	C:\Windows\System32\CRYPT32.dll
0x00007ff93a810000 - 0x00007ff93a837000 	C:\Windows\SYSTEM32\ncrypt.dll
0x00007ff93a7d0000 - 0x00007ff93a80b000 	C:\Windows\SYSTEM32\NTASN1.dll

dbghelp: loaded successfully - version: 4.0.5 - missing functions: none
symbol engine: initialized successfully - sym options: 0x614 - pdb path: .;C:\Program Files\Java\jdk-21\bin;C:\Windows\SYSTEM32;C:\Windows\WinSxS\amd64_microsoft.windows.common-controls_6595b64144ccf1df_6.0.19041.5915_none_60b4b9d171f9c7c7;C:\Program Files\Java\jdk-21\bin\server

VM Arguments:
jvm_args: -XX:TieredStopAtLevel=1 -Dspring.output.ansi.enabled=always -Dcom.sun.management.jmxremote -Dspring.jmx.enabled=true -Dspring.liveBeansView.mbeanDomain -Dspring.application.admin.enabled=true -Dmanagement.endpoints.jmx.exposure.include=* -javaagent:D:\IntelliJ IDEA 2025.1.2\lib\idea_rt.jar=52380 -Dfile.encoding=UTF-8 -Dsun.stdout.encoding=UTF-8 -Dsun.stderr.encoding=UTF-8 
java_command: com.example.result_metadata_service.ResultMetadataServiceApplication
java_class_path (initial): D:\sppu-result\result-metadata-service\target\classes;C:\Users\omshi\.m2\repository\org\springframework\boot\spring-boot-starter-web\3.5.3\spring-boot-starter-web-3.5.3.jar;C:\Users\omshi\.m2\repository\org\springframework\boot\spring-boot-starter\3.5.3\spring-boot-starter-3.5.3.jar;C:\Users\omshi\.m2\repository\org\springframework\boot\spring-boot-starter-logging\3.5.3\spring-boot-starter-logging-3.5.3.jar;C:\Users\omshi\.m2\repository\ch\qos\logback\logback-classic\1.5.18\logback-classic-1.5.18.jar;C:\Users\omshi\.m2\repository\ch\qos\logback\logback-core\1.5.18\logback-core-1.5.18.jar;C:\Users\omshi\.m2\repository\org\apache\logging\log4j\log4j-to-slf4j\2.24.3\log4j-to-slf4j-2.24.3.jar;C:\Users\omshi\.m2\repository\org\apache\logging\log4j\log4j-api\2.24.3\log4j-api-2.24.3.jar;C:\Users\omshi\.m2\repository\org\slf4j\jul-to-slf4j\2.0.17\jul-to-slf4j-2.0.17.jar;C:\Users\omshi\.m2\repository\jakarta\annotation\jakarta.annotation-api\2.1.1\jakarta.annotation-api-2.1.1.jar;C:\Users\omshi\.m2\repository\org\yaml\snakeyaml\2.4\snakeyaml-2.4.jar;C:\Users\omshi\.m2\repository\org\springframework\boot\spring-boot-starter-json\3.5.3\spring-boot-starter-json-3.5.3.jar;C:\Users\omshi\.m2\repository\com\fasterxml\jackson\core\jackson-databind\2.19.1\jackson-databind-2.19.1.jar;C:\Users\omshi\.m2\repository\com\fasterxml\jackson\core\jackson-annotations\2.19.1\jackson-annotations-2.19.1.jar;C:\Users\omshi\.m2\repository\com\fasterxml\jackson\core\jackson-core\2.19.1\jackson-core-2.19.1.jar;C:\Users\omshi\.m2\repository\com\fasterxml\jackson\datatype\jackson-datatype-jdk8\2.19.1\jackson-datatype-jdk8-2.19.1.jar;C:\Users\omshi\.m2\repository\com\fasterxml\jackson\datatype\jackson-datatype-jsr310\2.19.1\jackson-datatype-jsr310-2.19.1.jar;C:\Users\omshi\.m2\repository\com\fasterxml\jackson\module\jackson-module-parameter-names\2.19.1\jackson-module-parameter-names-2.19.1.jar;C:\Users\omshi\.m2\repository\org\springframework\boot\spring-boot-starter-tomcat\3.5.3\spring-boot-starter-tomcat-3.5.3.jar;C:\Users\omshi\.m2\repository\org\apache\tomcat\embed\tomcat-embed-core\10.1.42\tomcat-embed-core-10.1.42.jar;C:\Users\omshi\.m2\repository\org\apache\tomcat\embed\tomcat-embed-el\10.1.42\tomcat-embed-el-10.1.42.jar;C:\Users\omshi\.m2\repository\org\apache\tomcat\embed\tomcat-embed-websocket\10.1.42\tomcat-embed-websocket-10.1.42.jar;C:\Users\omshi\.m2\repository\org\springframework\spring-web\6.2.8\spring-web-6.2.8.jar;C:\Users\omshi\.m2\repository\org\springframework\spring-beans\6.2.8\spring-beans-6.2.8.jar;C:\Users\omshi\.m2\repository\io\micrometer\micrometer-observation\1.15.1\micrometer-observation-1.15.1.jar;C:\Users\omshi\.m2\repository\io\micrometer\micrometer-commons\1.15.1\micrometer-commons-1.15.1.jar;C:\Users\omshi\.m2\repository\org\springframework\spring-webmvc\6.2.8\spring-webmvc-6.2.8.jar;C:\Users\omshi\.m2\repository\org\springframework\spring-aop\6.2.8\spring-aop-6.2.8.jar;C:\Users\omshi\.m2\repository\org\springframework\spring-context\6.2.8\spring-context-6.2.8.jar;C:\Users\omshi\.m2\repository\org\springframework\spring-expression\6.2.8\spring-expression-6.2.8.jar;C:\Users\omshi\.m2\repository\org\jsoup\jsoup\1.15.3\jsoup-1.15.3.jar;C:\Users\omshi\.m2\repository\org\springframework\boot\spring-boot-devtools\3.5.3\spring-boot-devtools-3.5.3.jar;C:\Users\omshi\.m2\repository\org\springframework\boot\spring-boot\3.5.3\spring-boot-3.5.3.jar;C:\Users\omshi\.m2\repository\org\springframework\boot\spring-boot-autoconfigure\3.5.3\spring-boot-autoconfigure-3.5.3.jar;C:\Users\omshi\.m2\repository\org\projectlombok\lombok\1.18.38\lombok-1.18.38.jar;C:\Users\omshi\.m2\repository\org\slf4j\slf4j-api\2.0.17\slf4j-api-2.0.17.jar;C:\Users\omshi\.m2\repository\org\springframework\spring-core\6.2.8\spring-core-6.2.8.jar;C:\Users\omshi\.m2\repository\org\springframework\spring-jcl\6.2.8\spring-jcl-6.2.8.jar
Launcher Type: SUN_STANDARD

[Global flags]
     intx CICompilerCount                          = 3                                         {product} {ergonomic}
     uint ConcGCThreads                            = 1                                         {product} {ergonomic}
     uint G1ConcRefinementThreads                  = 4                                         {product} {ergonomic}
   size_t G1HeapRegionSize                         = 1048576                                   {product} {ergonomic}
    uintx GCDrainStackTargetSize                   = 64                                        {product} {ergonomic}
   size_t InitialHeapSize                          = 134217728                                 {product} {ergonomic}
     bool ManagementServer                         = true                                      {product} {command line}
   size_t MarkStackSize                            = 4194304                                   {product} {ergonomic}
   size_t MaxHeapSize                              = 2116026368                                {product} {ergonomic}
   size_t MaxNewSize                               = 1268776960                                {product} {ergonomic}
   size_t MinHeapDeltaBytes                        = 1048576                                   {product} {ergonomic}
   size_t MinHeapSize                              = 8388608                                   {product} {ergonomic}
    uintx NonNMethodCodeHeapSize                   = 4096                                   {pd product} {ergonomic}
    uintx NonProfiledCodeHeapSize                  = 0                                      {pd product} {ergonomic}
     bool ProfileInterpreter                       = false                                  {pd product} {command line}
    uintx ProfiledCodeHeapSize                     = 0                                      {pd product} {ergonomic}
   size_t SoftMaxHeapSize                          = 2116026368                             {manageable} {ergonomic}
     intx TieredStopAtLevel                        = 1                                         {product} {command line}
     bool UseCompressedOops                        = true                           {product lp64_product} {ergonomic}
     bool UseG1GC                                  = true                                      {product} {ergonomic}
     bool UseLargePagesIndividualAllocation        = false                                  {pd product} {ergonomic}

Logging:
Log output configuration:
 #0: stdout all=warning uptime,level,tags foldmultilines=false
 #1: stderr all=off uptime,level,tags foldmultilines=false

Environment Variables:
JAVA_HOME=C:\Program Files\Java\jdk-21
PATH=C:\Program Files\Common Files\Oracle\Java\javapath;C:\Windows\system32;C:\Windows;C:\Windows\System32\Wbem;C:\Windows\System32\WindowsPowerShell\v1.0\;C:\Windows\System32\OpenSSH\;C:\Program Files\nodejs\;C:\Program Files\Git\cmd;C:\Program Files\MongoDB\mongosh-2.1.4-win32-x64\bin;C:\Program Files\MySQL\MySQL Server 8.0\bin;C:\MinGW\bin;C:\Program Files\MySQL\MySQL Shell 8.0\bin\;C:\Users\omshi\AppData\Local\Microsoft\WindowsApps;C:\Users\omshi\AppData\Local\Programs\Microsoft VS Code\bin;C:\Users\omshi\AppData\Roaming\npm;C:\Users\omshi\AppData\Local\Programs\Python\Python312\Scripts\;C:\Users\omshi\AppData\Local\Programs\Python\Python312\;C:\Users\omshi\AppData\Local\Programs\Python\Launcher\;C:\Users\omshi\AppData\Local\Coursier\data\bin;D:\apache-maven-3.9.10-bin\apache-maven-3.9.10\bin;C:\Program Files\Java\jdk-21\bin;C:\Users\omshi\AppData\Local\Programs\Python\Python312\Scripts\;C:\Users\omshi\AppData\Local\Programs\Python\Python312\;C:\Users\omshi\AppData\Local\Programs\Python\Launcher\;D:\anaconda3;D:\anaconda3\Library\mingw-w64\bin;D:\anaconda3\Library\usr\bin;D:\anaconda3\Library\bin;D:\anaconda3\Scripts;C:\Windows\system32;C:\Windows;C:\Windows\System32\Wbem;C:\Windows\System32\WindowsPowerShell\v1.0\;C:\Windows\System32\OpenSSH\;C:\Program Files\nodejs\;C:\Program Files\Git\cmd;C:\Program Files\MongoDB\mongosh-2.1.4-win32-x64\bin;C:\Program Files\MySQL\MySQL Server 8.0\bin;C:\MinGW\bin;C:\Users\omshi\AppData\Local\Microsoft\WindowsApps;C:\Users\omshi\AppData\Local\Programs\Microsoft VS Code\bin;C:\Users\omshi\AppData\Roaming\npm;C:\Users\omshi\AppData\Local\Coursier\data\bin;;D:\IntelliJ IDEA 2025.1.2\bin;
USERNAME=omshi
OS=Windows_NT
PROCESSOR_IDENTIFIER=Intel64 Family 6 Model 78 Stepping 3, GenuineIntel
TMP=C:\Users\omshi\AppData\Local\Temp
TEMP=C:\Users\omshi\AppData\Local\Temp




Periodic native trim disabled

---------------  S Y S T E M  ---------------

OS:
 Windows 10 , 64 bit Build 19041 (10.0.19041.5915)
OS uptime: 2 days 7:50 hours
Hyper-V role detected

CPU: total 4 (initial active 4) (2 cores per cpu, 2 threads per core) family 6 model 78 stepping 3 microcode 0xf0, cx8, cmov, fxsr, ht, mmx, 3dnowpref, sse, sse2, sse3, ssse3, sse4.1, sse4.2, popcnt, lzcnt, tsc, tscinvbit, avx, avx2, aes, erms, clmul, bmi1, bmi2, rtm, adx, fma, vzeroupper, clflush, clflushopt, hv, rdtscp, f16c
Processor Information for all 4 processors :
  Max Mhz: 2496, Current Mhz: 2396, Mhz Limit: 2396

Memory: 4k page, system-wide physical 8071M (476M free)
TotalPageFile size 21017M (AvailPageFile size 0M)
current process WorkingSet (physical memory assigned to process): 143M, peak: 163M
current process commit charge ("private bytes"): 176M, peak: 247M

vm_info: Java HotSpot(TM) 64-Bit Server VM (21.0.6+8-LTS-188) for windows-amd64 JRE (21.0.6+8-LTS-188), built on 2024-12-03T10:50:54Z by "mach5one" with MS VC++ 17.6 (VS2022)

END.
